16.8035 	EXP 	Created window1 = Window(allowGUI=True, allowStencil=False, autoLog=True, backendConf=UNKNOWN, backgroundFit=<method-wrapper '__getattribute__' of attributeSetter object at 0x7fe9cc0402b0>, backgroundImage=<method-wrapper '__getattribute__' of attributeSetter object at 0x7fe9cc040250>, bitsMode=UNKNOWN, blendMode='avg', bpc=(8, 8, 8), color=array([0, 0, 0]), colorSpace='rgb', depthBits=8, fullscr=<method-wrapper '__getattribute__' of attributeSetter object at 0x7fe9cc0400a0>, gamma=None, gammaErrorPolicy='raise', lms=UNKNOWN, monitor=<psychopy.monitors.calibTools.Monitor object at 0x7fe9cc15de20>, multiSample=False, name='window1', numSamples=2, pos=(448, 280), screen=0, size=array([3584, 2240]), stencilBits=0, stereo=False, title='PsychoPy', units='height', useFBO=True, useRetina=True, viewOri=0.0, viewPos=None, viewScale=None, waitBlanking=True, winType='pyglet')
16.8037 	EXP 	window1: mouseVisible = True
16.8037 	EXP 	window1: backgroundImage = ''
16.8037 	EXP 	window1: backgroundFit = 'none'
16.8065 	EXP 	window1: Attempting to measure frame rate of screen (0) ...
16.8066 	EXP 	window1: recordFrameIntervals = False
16.9696 	EXP 	window1: recordFrameIntervals = True
17.1516 	EXP 	Screen (0) actual frame rate measured at 60.58Hz
17.1516 	EXP 	window1: recordFrameIntervals = False
17.1517 	EXP 	window1: mouseVisible = True
19.0687 	EXP 	replicate_nsd: status = STARTED
19.4976 	EXP 	window1: mouseVisible = True
19.5396 	EXP 	Created text_3 = TextStim(__class__=<class 'psychopy.visual.text.TextStim'>, alignHoriz=method-wrapper(...), alignText='center', alignVert=method-wrapper(...), anchorHoriz='center', anchorVert='center', antialias=True, autoDraw=False, autoLog=True, bold=False, color=array([1., 1., 1.]), colorSpace='rgb', contrast=1.0, depth=-1.0, draggable=False, flipHoriz=False, flipVert=False, font='Open Sans', fontFiles=[], height=0.05, italic=False, languageStyle='LTR', name='text_3', opacity=1.0, ori=0.0, pos=array([0., 0.]), rgb=UNKNOWN, text='waiting for scanner…', units='height', win=Window(...), wrapWidth=1)
19.5397 	EXP 	window1: mouseVisible = True
19.5649 	EXP 	Created text = TextStim(__class__=<class 'psychopy.visual.text.TextStim'>, alignHoriz=method-wrapper(...), alignText='center', alignVert=method-wrapper(...), anchorHoriz='center', anchorVert='center', antialias=True, autoDraw=False, autoLog=True, bold=False, color=array([1., 1., 1.]), colorSpace='rgb', contrast=1.0, depth=0.0, draggable=False, flipHoriz=False, flipVert=False, font='Open Sans', fontFiles=[], height=0.05, italic=False, languageStyle='LTR', name='text', opacity=1.0, ori=0.0, pos=array([0., 0.]), rgb=UNKNOWN, text=str(...), units='height', win=Window(...), wrapWidth=1)
20.0229 	EXP 	window1: mouseVisible = True
20.0482 	EXP 	Created image = ImageStim(__class__=<class 'psychopy.visual.image.ImageStim'>, anchor=('center', 'center'), autoLog=True, color=array([1., 1., 1.]), colorSpace='rgb', contrast=1.0, depth=0.0, draggable=False, flipHoriz=False, flipVert=False, image='default.png', interpolate=True, mask=None, maskParams=None, name='image', opacity=1.0, ori=0.0, pos=array([0., 0.]), size=array([0.5, 0.5]), texRes=128.0, units='height', win=Window(...))
20.5072 	EXP 	window1: mouseVisible = True
20.5103 	EXP 	Created polygon = ShapeStim(__class__=<class 'psychopy.visual.shape.ShapeStim'>, anchor=('center', 'center'), autoDraw=False, autoLog=True, closeShape=True, color=method-wrapper(...), colorSpace='rgb', contrast=None, depth=-3.0, draggable=False, fillColor=array([ 1., -1., -1.]), fillColorSpace='rgb', fillRGB=array([ 1., -1., -1.]), interpolate=True, lineColor=array([-1., -1., -1.]), lineColorSpace='rgb', lineRGB=array([-1., -1., -1.]), lineWidth=3.0, name='polygon', opacity=0.3, ori=0.0, pos=array([0., 0.]), size=array([0.04, 0.04]), units='height', vertices=ndarray(...), win=Window(...), windingRule=None)
20.5104 	EXP 	window1: mouseVisible = True
20.5133 	EXP 	Created text_2 = TextStim(__class__=<class 'psychopy.visual.text.TextStim'>, alignHoriz=method-wrapper(...), alignText='center', alignVert=method-wrapper(...), anchorHoriz='center', anchorVert='center', antialias=True, autoDraw=False, autoLog=True, bold=False, color=array([1., 1., 1.]), colorSpace='rgb', contrast=1.0, depth=-2.0, draggable=False, flipHoriz=False, flipVert=False, font='Open Sans', fontFiles=[], height=0.05, italic=False, languageStyle='LTR', name='text_2', opacity=1.0, ori=0.0, pos=array([0., 0.]), rgb=UNKNOWN, text='please take break', units='height', win=Window(...), wrapWidth=1)
0.0062 	DATA 	Mouse: Left button down, pos=(844,617)
0.0067 	DATA 	Mouse:  Left button up, pos=(844,617)
0.0459 	EXP 	text_3: autoDraw = True
2.8249 	DATA 	Mouse: Left button down, pos=(839,657)
2.9417 	DATA 	Mouse:  Left button up, pos=(839,657)
4.0958 	DATA 	Keypress: 5
4.1060 	EXP 	text_3: autoDraw = False
4.1060 	EXP 	text: autoDraw = True
4.8456 	EXP 	Imported conditions_files/participant1_.csv as conditions, 900 conditions, 6 params
4.8496 	EXP 	Created sequence: sequential, trialTypes=900, nReps=1, seed=None
4.8498 	EXP 	New trial (rep=0, index=0): OrderedDict([('current_image', 'images/blank.jpg'), ('is_repeat', 0), ('trial_index', 0), ('is_blank_trial', 1), ('is_new_run', 1), ('run_num', 0)])
4.8558 	EXP 	New trial (rep=0, index=1): OrderedDict([('current_image', 'images/blank.jpg'), ('is_repeat', 0), ('trial_index', 1), ('is_blank_trial', 1), ('is_new_run', 0), ('run_num', 0)])
4.8587 	EXP 	New trial (rep=0, index=2): OrderedDict([('current_image', 'images/blank.jpg'), ('is_repeat', 0), ('trial_index', 2), ('is_blank_trial', 1), ('is_new_run', 0), ('run_num', 0)])
4.8617 	EXP 	New trial (rep=0, index=3): OrderedDict([('current_image', 'images/18_12 copy 3.jpg'), ('is_repeat', 0), ('trial_index', 3), ('is_blank_trial', 0), ('is_new_run', 0), ('run_num', 0)])
4.8789 	DATA 	Keypress: space
4.9019 	EXP 	text: autoDraw = False
4.9019 	EXP 	image: image = 'images/blank.jpg'
4.9019 	EXP 	image: autoDraw = False
4.9019 	EXP 	polygon: autoDraw = False
4.9019 	EXP 	text_2: autoDraw = False
4.9019 	EXP 	image: image = 'images/blank.jpg'
4.9019 	EXP 	image: autoDraw = False
4.9019 	EXP 	polygon: autoDraw = False
4.9019 	EXP 	text_2: autoDraw = False
4.9019 	EXP 	image: image = 'images/blank.jpg'
4.9019 	EXP 	image: autoDraw = False
4.9019 	EXP 	polygon: autoDraw = False
4.9019 	EXP 	text_2: autoDraw = False
4.9019 	EXP 	image: image = 'images/18_12 copy 3.jpg'
4.9019 	EXP 	polygon: autoDraw = True
5.8732 	EXP 	image: autoDraw = True
8.8732 	EXP 	image: autoDraw = False
8.8739 	EXP 	New trial (rep=0, index=4): OrderedDict([('current_image', 'images/14_28 copy 2.jpg'), ('is_repeat', 0), ('trial_index', 4), ('is_blank_trial', 0), ('is_new_run', 0), ('run_num', 0)])
8.8894 	EXP 	image: autoDraw = False
8.8894 	EXP 	polygon: autoDraw = False
8.8894 	EXP 	text_2: autoDraw = False
8.8894 	EXP 	image: image = 'images/14_28 copy 2.jpg'
8.8894 	EXP 	polygon: autoDraw = True
9.8733 	EXP 	image: autoDraw = True
12.8733 	EXP 	image: autoDraw = False
12.8741 	EXP 	New trial (rep=0, index=5): OrderedDict([('current_image', 'images/pair01 copy 5.jpg'), ('is_repeat', 0), ('trial_index', 5), ('is_blank_trial', 0), ('is_new_run', 0), ('run_num', 0)])
12.8929 	EXP 	polygon: autoDraw = False
12.8929 	EXP 	image: autoDraw = False
12.8929 	EXP 	polygon: autoDraw = False
12.8929 	EXP 	text_2: autoDraw = False
12.8929 	EXP 	image: image = 'images/pair01 copy 5.jpg'
12.8929 	EXP 	polygon: autoDraw = True
13.8732 	EXP 	image: autoDraw = True
16.8732 	EXP 	image: autoDraw = False
16.8907 	EXP 	New trial (rep=0, index=6): OrderedDict([('current_image', 'images/13_28 copy 4.jpg'), ('is_repeat', 0), ('trial_index', 6), ('is_blank_trial', 0), ('is_new_run', 0), ('run_num', 0)])
16.9062 	EXP 	image: autoDraw = False
16.9062 	EXP 	polygon: autoDraw = False
16.9062 	EXP 	text_2: autoDraw = False
16.9062 	EXP 	image: image = 'images/13_28 copy 4.jpg'
16.9062 	EXP 	polygon: autoDraw = True
17.8897 	EXP 	image: autoDraw = True
20.8898 	EXP 	image: autoDraw = False
20.8906 	EXP 	New trial (rep=0, index=7): OrderedDict([('current_image', 'images/9_0.jpg'), ('is_repeat', 0), ('trial_index', 7), ('is_blank_trial', 0), ('is_new_run', 0), ('run_num', 0)])
20.9062 	EXP 	polygon: autoDraw = False
20.9062 	EXP 	image: autoDraw = False
20.9062 	EXP 	polygon: autoDraw = False
20.9062 	EXP 	text_2: autoDraw = False
20.9062 	EXP 	image: image = 'images/9_0.jpg'
20.9062 	EXP 	polygon: autoDraw = True
21.8936 	EXP 	image: autoDraw = True
24.8907 	EXP 	New trial (rep=0, index=8): OrderedDict([('current_image', 'images/22_40 copy 4.jpg'), ('is_repeat', 0), ('trial_index', 8), ('is_blank_trial', 0), ('is_new_run', 0), ('run_num', 0)])
24.9063 	EXP 	image: autoDraw = False
24.9063 	EXP 	polygon: autoDraw = False
24.9063 	EXP 	image: autoDraw = False
24.9063 	EXP 	polygon: autoDraw = False
24.9063 	EXP 	text_2: autoDraw = False
24.9063 	EXP 	image: image = 'images/22_40 copy 4.jpg'
24.9063 	EXP 	polygon: autoDraw = True
25.8897 	EXP 	image: autoDraw = True
28.8904 	EXP 	image: autoDraw = False
28.8911 	EXP 	New trial (rep=0, index=9): OrderedDict([('current_image', 'images/12_12 copy 4.jpg'), ('is_repeat', 0), ('trial_index', 9), ('is_blank_trial', 0), ('is_new_run', 0), ('run_num', 0)])
28.9066 	EXP 	image: autoDraw = False
28.9066 	EXP 	polygon: autoDraw = False
28.9066 	EXP 	text_2: autoDraw = False
28.9066 	EXP 	image: image = 'images/12_12 copy 4.jpg'
28.9066 	EXP 	polygon: autoDraw = True
29.8894 	EXP 	image: autoDraw = True
30.9583 	DATA 	Mouse: Left button down, pos=(1141,633)
31.1414 	DATA 	Mouse:  Left button up, pos=(1141,633)
32.8896 	EXP 	image: autoDraw = False
32.8904 	EXP 	New trial (rep=0, index=10): OrderedDict([('current_image', 'images/blank.jpg'), ('is_repeat', 0), ('trial_index', 10), ('is_blank_trial', 1), ('is_new_run', 0), ('run_num', 0)])
32.8934 	EXP 	New trial (rep=0, index=11): OrderedDict([('current_image', 'images/pair09 copy.jpg'), ('is_repeat', 0), ('trial_index', 11), ('is_blank_trial', 0), ('is_new_run', 0), ('run_num', 0)])
32.9052 	EXP 	polygon: autoDraw = False
32.9052 	EXP 	image: autoDraw = False
32.9052 	EXP 	polygon: autoDraw = False
32.9052 	EXP 	text_2: autoDraw = False
32.9052 	EXP 	image: image = 'images/blank.jpg'
32.9052 	EXP 	image: autoDraw = False
32.9052 	EXP 	polygon: autoDraw = False
32.9052 	EXP 	text_2: autoDraw = False
32.9052 	EXP 	image: image = 'images/pair09 copy.jpg'
32.9052 	EXP 	polygon: autoDraw = True
33.9064 	EXP 	image: autoDraw = True
36.1748 	DATA 	Keypress: escape
36.3231 	EXP 	replicate_nsd: status = STOPPED
36.3396 	EXP 	image: autoDraw = False
36.3396 	EXP 	polygon: autoDraw = False
36.3397 	EXP 	replicate_nsd: status = STOPPED
36.3661 	EXP 	window1: mouseVisible = True
