7.0321 	EXP 	Created window1 = Window(allowGUI=True, allowStencil=False, autoLog=True, backendConf=UNKNOWN, backgroundFit=<method-wrapper '__getattribute__' of attributeSetter object at 0x7fed9dcf81f0>, backgroundImage=<method-wrapper '__getattribute__' of attributeSetter object at 0x7fed9dcf8190>, bitsMode=UNKNOWN, blendMode='avg', bpc=(8, 8, 8), color=array([0, 0, 0]), colorSpace='rgb', depthBits=8, fullscr=<method-wrapper '__getattribute__' of attributeSetter object at 0x7fed9dc94b50>, gamma=None, gammaErrorPolicy='raise', lms=UNKNOWN, monitor=<psychopy.monitors.calibTools.Monitor object at 0x7fed9de42eb0>, multiSample=False, name='window1', numSamples=2, pos=(448, 280), screen=0, size=array([3584, 2240]), stencilBits=0, stereo=False, title='PsychoPy', units='height', useFBO=True, useRetina=True, viewOri=0.0, viewPos=None, viewScale=None, waitBlanking=True, winType='pyglet')
7.0323 	EXP 	window1: mouseVisible = True
7.0323 	EXP 	window1: backgroundImage = ''
7.0323 	EXP 	window1: backgroundFit = 'none'
7.0351 	EXP 	window1: Attempting to measure frame rate of screen (0) ...
7.0351 	EXP 	window1: recordFrameIntervals = False
7.1971 	EXP 	window1: recordFrameIntervals = True
7.2838 	WARNING 	t of last frame was 20.29ms (=1/49)
7.4642 	EXP 	Screen (0) actual frame rate measured at 60.18Hz
7.4643 	EXP 	window1: recordFrameIntervals = False
7.4644 	EXP 	window1: mouseVisible = True
10.9356 	EXP 	replicate_nsd: status = STARTED
11.5273 	EXP 	window1: mouseVisible = True
11.5549 	EXP 	Created text_3 = TextStim(__class__=<class 'psychopy.visual.text.TextStim'>, alignHoriz=method-wrapper(...), alignText='center', alignVert=method-wrapper(...), anchorHoriz='center', anchorVert='center', antialias=True, autoDraw=False, autoLog=True, bold=False, color=array([1., 1., 1.]), colorSpace='rgb', contrast=1.0, depth=-1.0, draggable=False, flipHoriz=False, flipVert=False, font='Open Sans', fontFiles=[], height=0.05, italic=False, languageStyle='LTR', name='text_3', opacity=1.0, ori=0.0, pos=array([0., 0.]), rgb=UNKNOWN, text='waiting for scanner…', units='height', win=Window(...), wrapWidth=1)
11.5550 	EXP 	window1: mouseVisible = True
11.5709 	EXP 	Created text = TextStim(__class__=<class 'psychopy.visual.text.TextStim'>, alignHoriz=method-wrapper(...), alignText='center', alignVert=method-wrapper(...), anchorHoriz='center', anchorVert='center', antialias=True, autoDraw=False, autoLog=True, bold=False, color=array([1., 1., 1.]), colorSpace='rgb', contrast=1.0, depth=0.0, draggable=False, flipHoriz=False, flipVert=False, font='Open Sans', fontFiles=[], height=0.05, italic=False, languageStyle='LTR', name='text', opacity=1.0, ori=0.0, pos=array([0., 0.]), rgb=UNKNOWN, text=str(...), units='height', win=Window(...), wrapWidth=1)
12.1570 	EXP 	window1: mouseVisible = True
12.1799 	EXP 	Created image = ImageStim(__class__=<class 'psychopy.visual.image.ImageStim'>, anchor=('center', 'center'), autoLog=True, color=array([1., 1., 1.]), colorSpace='rgb', contrast=1.0, depth=0.0, draggable=False, flipHoriz=False, flipVert=False, image='default.png', interpolate=True, mask=None, maskParams=None, name='image', opacity=1.0, ori=0.0, pos=array([0., 0.]), size=array([0.5, 0.5]), texRes=128.0, units='height', win=Window(...))
12.7604 	EXP 	window1: mouseVisible = True
12.7622 	EXP 	Created polygon = ShapeStim(__class__=<class 'psychopy.visual.shape.ShapeStim'>, anchor=('center', 'center'), autoDraw=False, autoLog=True, closeShape=True, color=method-wrapper(...), colorSpace='rgb', contrast=None, depth=-3.0, draggable=False, fillColor=array([ 1., -1., -1.]), fillColorSpace='rgb', fillRGB=array([ 1., -1., -1.]), interpolate=True, lineColor=array([-1., -1., -1.]), lineColorSpace='rgb', lineRGB=array([-1., -1., -1.]), lineWidth=3.0, name='polygon', opacity=0.3, ori=0.0, pos=array([0., 0.]), size=array([0.1, 0.1]), units='height', vertices=ndarray(...), win=Window(...), windingRule=None)
12.7625 	EXP 	window1: mouseVisible = True
12.7666 	EXP 	Created text_2 = TextStim(__class__=<class 'psychopy.visual.text.TextStim'>, alignHoriz=method-wrapper(...), alignText='center', alignVert=method-wrapper(...), anchorHoriz='center', anchorVert='center', antialias=True, autoDraw=False, autoLog=True, bold=False, color=array([1., 1., 1.]), colorSpace='rgb', contrast=1.0, depth=-2.0, draggable=False, flipHoriz=False, flipVert=False, font='Open Sans', fontFiles=[], height=0.05, italic=False, languageStyle='LTR', name='text_2', opacity=1.0, ori=0.0, pos=array([0., 0.]), rgb=UNKNOWN, text='please take break', units='height', win=Window(...), wrapWidth=1)
0.0133 	DATA 	Mouse: Left button down, pos=(627,730)
0.0136 	DATA 	Mouse:  Left button up, pos=(627,730)
0.0512 	EXP 	text_3: autoDraw = True
1.2984 	DATA 	Mouse: Left button down, pos=(627,730)
1.4315 	DATA 	Mouse:  Left button up, pos=(627,730)
6.6653 	DATA 	Mouse: Left button down, pos=(627,730)
6.8500 	DATA 	Mouse:  Left button up, pos=(627,730)
7.3341 	DATA 	Keypress: space
12.9831 	DATA 	Mouse: Left button down, pos=(627,730)
13.2001 	DATA 	Mouse:  Left button up, pos=(627,730)
15.9002 	DATA 	Mouse: Left button down, pos=(627,730)
16.0693 	DATA 	Mouse:  Left button up, pos=(627,730)
16.3004 	DATA 	Keypress: 5
16.3147 	EXP 	text_3: autoDraw = False
16.3147 	EXP 	text: autoDraw = True
16.3389 	EXP 	Imported conditions_files/participant1_.csv as conditions, 82 conditions, 2 params
16.3396 	EXP 	Created sequence: sequential, trialTypes=82, nReps=1, seed=None
16.3398 	EXP 	New trial (rep=0, index=0): OrderedDict([('current_image', 'face_triangles/17_28.jpg'), ('is_repeat', 0)])
16.3554 	DATA 	Keypress: space
16.3618 	EXP 	text: autoDraw = False
16.3618 	EXP 	image: image = 'face_triangles/17_28.jpg'
16.3618 	EXP 	polygon: autoDraw = True
17.3300 	EXP 	image: autoDraw = True
19.2021 	DATA 	Keypress: space
20.3311 	EXP 	image: autoDraw = False
20.3484 	EXP 	New trial (rep=0, index=1): OrderedDict([('current_image', 'face_triangles/16_28.jpg'), ('is_repeat', 0)])
20.3643 	EXP 	image: autoDraw = False
20.3643 	EXP 	polygon: autoDraw = False
20.3643 	EXP 	text_2: autoDraw = False
20.3643 	EXP 	image: image = 'face_triangles/16_28.jpg'
20.3643 	EXP 	polygon: autoDraw = True
21.3479 	EXP 	image: autoDraw = True
22.1511 	DATA 	Keypress: escape
22.2640 	EXP 	replicate_nsd: status = STOPPED
22.2829 	EXP 	image: autoDraw = False
22.2829 	EXP 	polygon: autoDraw = False
22.2830 	EXP 	replicate_nsd: status = STOPPED
22.3017 	EXP 	window1: mouseVisible = True
