59.0730 	EXP 	Created window1 = Window(allowGUI=True, allowStencil=False, autoLog=True, backendConf=UNKNOWN, backgroundFit=<method-wrapper '__getattribute__' of attributeSetter object at 0x7f87974d5340>, backgroundImage=<method-wrapper '__getattribute__' of attributeSetter object at 0x7f87974d52e0>, bitsMode=UNKNOWN, blendMode='avg', bpc=(8, 8, 8), color=array([0, 0, 0]), colorSpace='rgb', depthBits=8, fullscr=<method-wrapper '__getattribute__' of attributeSetter object at 0x7f87974d5130>, gamma=None, gammaErrorPolicy='raise', lms=UNKNOWN, monitor=<psychopy.monitors.calibTools.Monitor object at 0x7f87975f1eb0>, multiSample=False, name='window1', numSamples=2, pos=(448, 280), screen=0, size=array([3584, 2240]), stencilBits=0, stereo=False, title='PsychoPy', units='height', useFBO=True, useRetina=True, viewOri=0.0, viewPos=None, viewScale=None, waitBlanking=True, winType='pyglet')
59.0731 	EXP 	window1: mouseVisible = True
59.0731 	EXP 	window1: backgroundImage = ''
59.0731 	EXP 	window1: backgroundFit = 'none'
59.0746 	EXP 	window1: Attempting to measure frame rate of screen (0) ...
59.0746 	EXP 	window1: recordFrameIntervals = False
59.2395 	EXP 	window1: recordFrameIntervals = True
59.5071 	EXP 	Screen (0) actual frame rate measured at 60.40Hz
59.5072 	EXP 	window1: recordFrameIntervals = False
59.5073 	EXP 	window1: mouseVisible = True
63.1016 	EXP 	replicate_nsd: status = STARTED
63.7126 	EXP 	window1: mouseVisible = True
63.7493 	EXP 	Created text_3 = TextStim(__class__=<class 'psychopy.visual.text.TextStim'>, alignHoriz=method-wrapper(...), alignText='center', alignVert=method-wrapper(...), anchorHoriz='center', anchorVert='center', antialias=True, autoDraw=False, autoLog=True, bold=False, color=array([1., 1., 1.]), colorSpace='rgb', contrast=1.0, depth=-1.0, draggable=False, flipHoriz=False, flipVert=False, font='Open Sans', fontFiles=[], height=0.05, italic=False, languageStyle='LTR', name='text_3', opacity=1.0, ori=0.0, pos=array([0., 0.]), rgb=UNKNOWN, text='waiting for scanner…', units='height', win=Window(...), wrapWidth=1)
63.7495 	EXP 	window1: mouseVisible = True
63.7663 	EXP 	Created text = TextStim(__class__=<class 'psychopy.visual.text.TextStim'>, alignHoriz=method-wrapper(...), alignText='center', alignVert=method-wrapper(...), anchorHoriz='center', anchorVert='center', antialias=True, autoDraw=False, autoLog=True, bold=False, color=array([1., 1., 1.]), colorSpace='rgb', contrast=1.0, depth=0.0, draggable=False, flipHoriz=False, flipVert=False, font='Open Sans', fontFiles=[], height=0.05, italic=False, languageStyle='LTR', name='text', opacity=1.0, ori=0.0, pos=array([0., 0.]), rgb=UNKNOWN, text=str(...), units='height', win=Window(...), wrapWidth=1)
64.3910 	EXP 	window1: mouseVisible = True
64.4139 	EXP 	Created image = ImageStim(__class__=<class 'psychopy.visual.image.ImageStim'>, anchor=('center', 'center'), autoLog=True, color=array([1., 1., 1.]), colorSpace='rgb', contrast=1.0, depth=0.0, draggable=False, flipHoriz=False, flipVert=False, image='default.png', interpolate=True, mask=None, maskParams=None, name='image', opacity=1.0, ori=0.0, pos=array([0., 0.]), size=array([0.5, 0.5]), texRes=128.0, units='height', win=Window(...))
65.0425 	EXP 	window1: mouseVisible = True
65.0457 	EXP 	Created polygon = ShapeStim(__class__=<class 'psychopy.visual.shape.ShapeStim'>, anchor=('center', 'center'), autoDraw=False, autoLog=True, closeShape=True, color=method-wrapper(...), colorSpace='rgb', contrast=None, depth=-3.0, draggable=False, fillColor=array([ 1., -1., -1.]), fillColorSpace='rgb', fillRGB=array([ 1., -1., -1.]), interpolate=True, lineColor=array([-1., -1., -1.]), lineColorSpace='rgb', lineRGB=array([-1., -1., -1.]), lineWidth=3.0, name='polygon', opacity=0.3, ori=0.0, pos=array([0., 0.]), size=array([0.04, 0.04]), units='height', vertices=ndarray(...), win=Window(...), windingRule=None)
65.0459 	EXP 	window1: mouseVisible = True
65.0491 	EXP 	Created text_2 = TextStim(__class__=<class 'psychopy.visual.text.TextStim'>, alignHoriz=method-wrapper(...), alignText='center', alignVert=method-wrapper(...), anchorHoriz='center', anchorVert='center', antialias=True, autoDraw=False, autoLog=True, bold=False, color=array([1., 1., 1.]), colorSpace='rgb', contrast=1.0, depth=-2.0, draggable=False, flipHoriz=False, flipVert=False, font='Open Sans', fontFiles=[], height=0.05, italic=False, languageStyle='LTR', name='text_2', opacity=1.0, ori=0.0, pos=array([0., 0.]), rgb=UNKNOWN, text='please take break', units='height', win=Window(...), wrapWidth=1)
0.0188 	DATA 	Mouse: Left button down, pos=(818,748)
0.0190 	DATA 	Mouse:  Left button up, pos=(895,-56)
0.0245 	DATA 	Mouse: Left button down, pos=(1167,753)
0.0250 	DATA 	Mouse:  Left button up, pos=(1167,753)
0.0253 	DATA 	Keypress: lctrl
0.0624 	EXP 	text_3: autoDraw = True
0.6297 	DATA 	Keypress: lctrl
3.8263 	DATA 	Keypress: 5
3.8399 	EXP 	text_3: autoDraw = False
3.8399 	EXP 	text: autoDraw = True
4.8320 	EXP 	Imported conditions_files/participant1_.csv as conditions, 82 conditions, 2 params
4.8326 	EXP 	Created sequence: sequential, trialTypes=82, nReps=1, seed=None
4.8328 	EXP 	New trial (rep=0, index=0): OrderedDict([('current_image', 'face_triangles/17_28.jpg'), ('is_repeat', 0)])
4.8463 	DATA 	Keypress: space
4.8508 	EXP 	text: autoDraw = False
4.8508 	EXP 	image: image = 'face_triangles/17_28.jpg'
4.8508 	EXP 	polygon: autoDraw = True
5.8397 	EXP 	image: autoDraw = True
7.6280 	DATA 	Keypress: space
8.8415 	EXP 	image: autoDraw = False
8.8420 	EXP 	New trial (rep=0, index=1): OrderedDict([('current_image', 'face_triangles/16_28.jpg'), ('is_repeat', 0)])
8.8564 	EXP 	image: autoDraw = False
8.8564 	EXP 	polygon: autoDraw = False
8.8564 	EXP 	text_2: autoDraw = False
8.8564 	EXP 	image: image = 'face_triangles/16_28.jpg'
8.8564 	EXP 	polygon: autoDraw = True
9.8397 	EXP 	image: autoDraw = True
11.4580 	DATA 	Keypress: escape
11.5731 	EXP 	replicate_nsd: status = STOPPED
11.5917 	EXP 	image: autoDraw = False
11.5917 	EXP 	polygon: autoDraw = False
11.5917 	EXP 	replicate_nsd: status = STOPPED
11.6110 	EXP 	window1: mouseVisible = True
