12.4724 	EXP 	Created window1 = Window(allowGUI=True, allowStencil=False, autoLog=True, backendConf=UNKNOWN, backgroundFit=<method-wrapper '__getattribute__' of attributeSetter object at 0x7fed4e4361f0>, backgroundImage=<method-wrapper '__getattribute__' of attributeSetter object at 0x7fed4e436190>, bitsMode=UNKNOWN, blendMode='avg', bpc=(8, 8, 8), color=array([0, 0, 0]), colorSpace='rgb', depthBits=8, fullscr=<method-wrapper '__getattribute__' of attributeSetter object at 0x7fed4e3c8b50>, gamma=None, gammaErrorPolicy='raise', lms=UNKNOWN, monitor=<psychopy.monitors.calibTools.Monitor object at 0x7fed4e553d60>, multiSample=False, name='window1', numSamples=2, pos=(448, 280), screen=0, size=array([3584, 2240]), stencilBits=0, stereo=False, title='PsychoPy', units='height', useFBO=True, useRetina=True, viewOri=0.0, viewPos=None, viewScale=None, waitBlanking=True, winType='pyglet')
12.4726 	EXP 	window1: mouseVisible = True
12.4727 	EXP 	window1: backgroundImage = ''
12.4727 	EXP 	window1: backgroundFit = 'none'
12.4755 	EXP 	window1: Attempting to measure frame rate of screen (0) ...
12.4756 	EXP 	window1: recordFrameIntervals = False
12.6385 	EXP 	window1: recordFrameIntervals = True
12.8229 	EXP 	Screen (0) actual frame rate measured at 59.67Hz
12.8230 	EXP 	window1: recordFrameIntervals = False
12.8231 	EXP 	window1: mouseVisible = True
14.8740 	EXP 	replicate_nsd: status = STARTED
15.3065 	EXP 	window1: mouseVisible = True
15.3597 	EXP 	Created text_3 = TextStim(__class__=<class 'psychopy.visual.text.TextStim'>, alignHoriz=method-wrapper(...), alignText='center', alignVert=method-wrapper(...), anchorHoriz='center', anchorVert='center', antialias=True, autoDraw=False, autoLog=True, bold=False, color=array([1., 1., 1.]), colorSpace='rgb', contrast=1.0, depth=-1.0, draggable=False, flipHoriz=False, flipVert=False, font='Open Sans', fontFiles=[], height=0.05, italic=False, languageStyle='LTR', name='text_3', opacity=1.0, ori=0.0, pos=array([0., 0.]), rgb=UNKNOWN, text='waiting for scanner…', units='height', win=Window(...), wrapWidth=1)
15.3599 	EXP 	window1: mouseVisible = True
15.3866 	EXP 	Created text = TextStim(__class__=<class 'psychopy.visual.text.TextStim'>, alignHoriz=method-wrapper(...), alignText='center', alignVert=method-wrapper(...), anchorHoriz='center', anchorVert='center', antialias=True, autoDraw=False, autoLog=True, bold=False, color=array([1., 1., 1.]), colorSpace='rgb', contrast=1.0, depth=0.0, draggable=False, flipHoriz=False, flipVert=False, font='Open Sans', fontFiles=[], height=0.05, italic=False, languageStyle='LTR', name='text', opacity=1.0, ori=0.0, pos=array([0., 0.]), rgb=UNKNOWN, text=str(...), units='height', win=Window(...), wrapWidth=1)
15.8034 	EXP 	window1: mouseVisible = True
15.8302 	EXP 	Created image = ImageStim(__class__=<class 'psychopy.visual.image.ImageStim'>, anchor=('center', 'center'), autoLog=True, color=array([1., 1., 1.]), colorSpace='rgb', contrast=1.0, depth=0.0, draggable=False, flipHoriz=False, flipVert=False, image='default.png', interpolate=True, mask=None, maskParams=None, name='image', opacity=1.0, ori=0.0, pos=array([0., 0.]), size=array([0.5, 0.5]), texRes=128.0, units='height', win=Window(...))
16.2583 	EXP 	window1: mouseVisible = True
16.2611 	EXP 	Created polygon = ShapeStim(__class__=<class 'psychopy.visual.shape.ShapeStim'>, anchor=('center', 'center'), autoDraw=False, autoLog=True, closeShape=True, color=method-wrapper(...), colorSpace='rgb', contrast=None, depth=-3.0, draggable=False, fillColor=array([ 1., -1., -1.]), fillColorSpace='rgb', fillRGB=array([ 1., -1., -1.]), interpolate=True, lineColor=array([-1., -1., -1.]), lineColorSpace='rgb', lineRGB=array([-1., -1., -1.]), lineWidth=3.0, name='polygon', opacity=0.3, ori=0.0, pos=array([0., 0.]), size=array([0.04, 0.04]), units='height', vertices=ndarray(...), win=Window(...), windingRule=None)
16.2612 	EXP 	window1: mouseVisible = True
16.2639 	EXP 	Created text_2 = TextStim(__class__=<class 'psychopy.visual.text.TextStim'>, alignHoriz=method-wrapper(...), alignText='center', alignVert=method-wrapper(...), anchorHoriz='center', anchorVert='center', antialias=True, autoDraw=False, autoLog=True, bold=False, color=array([1., 1., 1.]), colorSpace='rgb', contrast=1.0, depth=-2.0, draggable=False, flipHoriz=False, flipVert=False, font='Open Sans', fontFiles=[], height=0.05, italic=False, languageStyle='LTR', name='text_2', opacity=1.0, ori=0.0, pos=array([0., 0.]), rgb=UNKNOWN, text='please take break', units='height', win=Window(...), wrapWidth=1)
0.0328 	EXP 	text_3: autoDraw = True
11.2624 	DATA 	Keypress: 5
11.2744 	EXP 	text_3: autoDraw = False
11.2744 	EXP 	text: autoDraw = True
11.8097 	DATA 	Mouse: Left button down, pos=(930,358)
11.9265 	DATA 	Mouse:  Left button up, pos=(930,358)
13.1954 	EXP 	Imported conditions_files/participant1_.csv as conditions, 900 conditions, 6 params
13.1986 	EXP 	Created sequence: sequential, trialTypes=900, nReps=1, seed=None
13.1988 	EXP 	New trial (rep=0, index=0): OrderedDict([('current_image', 'blank'), ('is_repeat', 0), ('trial_index', 0), ('is_blank_trial', 1), ('is_new_run', 1), ('run_num', 0)])
13.1991 	ERROR 	Couldn't find image blank; check path? (tried: /Users/rosskempner/Desktop/Documents/Research/compmem/rt_mindEye2/psychopy_task/blank)
13.2048 	EXP 	window1: mouseVisible = True
