8.8115 	EXP 	Created window1 = Window(allowGUI=True, allowStencil=False, autoLog=True, backendConf=UNKNOWN, backgroundFit=<method-wrapper '__getattribute__' of attributeSetter object at 0x7ff673e6b340>, backgroundImage=<method-wrapper '__getattribute__' of attributeSetter object at 0x7ff673e6b2e0>, bitsMode=UNKNOWN, blendMode='avg', bpc=(8, 8, 8), color=array([0, 0, 0]), colorSpace='rgb', depthBits=8, fullscr=<method-wrapper '__getattribute__' of attributeSetter object at 0x7ff673e6b130>, gamma=None, gammaErrorPolicy='raise', lms=UNKNOWN, monitor=<psychopy.monitors.calibTools.Monitor object at 0x7ff673fbc040>, multiSample=False, name='window1', numSamples=2, pos=(448, 280), screen=0, size=array([3584, 2240]), stencilBits=0, stereo=False, title='PsychoPy', units='height', useFBO=True, useRetina=True, viewOri=0.0, viewPos=None, viewScale=None, waitBlanking=True, winType='pyglet')
8.8117 	EXP 	window1: mouseVisible = True
8.8118 	EXP 	window1: backgroundImage = ''
8.8118 	EXP 	window1: backgroundFit = 'none'
8.8144 	EXP 	window1: Attempting to measure frame rate of screen (0) ...
8.8145 	EXP 	window1: recordFrameIntervals = False
8.9776 	EXP 	window1: recordFrameIntervals = True
9.1612 	EXP 	Screen (0) actual frame rate measured at 60.10Hz
9.1612 	EXP 	window1: recordFrameIntervals = False
9.1614 	EXP 	window1: mouseVisible = True
11.1110 	EXP 	replicate_nsd: status = STARTED
11.5653 	EXP 	window1: mouseVisible = True
11.6035 	EXP 	Created text_3 = TextStim(__class__=<class 'psychopy.visual.text.TextStim'>, alignHoriz=method-wrapper(...), alignText='center', alignVert=method-wrapper(...), anchorHoriz='center', anchorVert='center', antialias=True, autoDraw=False, autoLog=True, bold=False, color=array([1., 1., 1.]), colorSpace='rgb', contrast=1.0, depth=-1.0, draggable=False, flipHoriz=False, flipVert=False, font='Open Sans', fontFiles=[], height=0.05, italic=False, languageStyle='LTR', name='text_3', opacity=1.0, ori=0.0, pos=array([0., 0.]), rgb=UNKNOWN, text='waiting for scanner…', units='height', win=Window(...), wrapWidth=1)
11.6037 	EXP 	window1: mouseVisible = True
11.6293 	EXP 	Created text = TextStim(__class__=<class 'psychopy.visual.text.TextStim'>, alignHoriz=method-wrapper(...), alignText='center', alignVert=method-wrapper(...), anchorHoriz='center', anchorVert='center', antialias=True, autoDraw=False, autoLog=True, bold=False, color=array([1., 1., 1.]), colorSpace='rgb', contrast=1.0, depth=0.0, draggable=False, flipHoriz=False, flipVert=False, font='Open Sans', fontFiles=[], height=0.05, italic=False, languageStyle='LTR', name='text', opacity=1.0, ori=0.0, pos=array([0., 0.]), rgb=UNKNOWN, text=str(...), units='height', win=Window(...), wrapWidth=1)
12.0878 	EXP 	window1: mouseVisible = True
12.1133 	EXP 	Created image = ImageStim(__class__=<class 'psychopy.visual.image.ImageStim'>, anchor=('center', 'center'), autoLog=True, color=array([1., 1., 1.]), colorSpace='rgb', contrast=1.0, depth=0.0, draggable=False, flipHoriz=False, flipVert=False, image='default.png', interpolate=True, mask=None, maskParams=None, name='image', opacity=1.0, ori=0.0, pos=array([0., 0.]), size=array([0.5, 0.5]), texRes=128.0, units='height', win=Window(...))
12.5606 	EXP 	window1: mouseVisible = True
12.5637 	EXP 	Created polygon = ShapeStim(__class__=<class 'psychopy.visual.shape.ShapeStim'>, anchor=('center', 'center'), autoDraw=False, autoLog=True, closeShape=True, color=method-wrapper(...), colorSpace='rgb', contrast=None, depth=-3.0, draggable=False, fillColor=array([ 1., -1., -1.]), fillColorSpace='rgb', fillRGB=array([ 1., -1., -1.]), interpolate=True, lineColor=array([-1., -1., -1.]), lineColorSpace='rgb', lineRGB=array([-1., -1., -1.]), lineWidth=3.0, name='polygon', opacity=0.3, ori=0.0, pos=array([0., 0.]), size=array([0.04, 0.04]), units='height', vertices=ndarray(...), win=Window(...), windingRule=None)
12.5638 	EXP 	window1: mouseVisible = True
12.5667 	EXP 	Created text_2 = TextStim(__class__=<class 'psychopy.visual.text.TextStim'>, alignHoriz=method-wrapper(...), alignText='center', alignVert=method-wrapper(...), anchorHoriz='center', anchorVert='center', antialias=True, autoDraw=False, autoLog=True, bold=False, color=array([1., 1., 1.]), colorSpace='rgb', contrast=1.0, depth=-2.0, draggable=False, flipHoriz=False, flipVert=False, font='Open Sans', fontFiles=[], height=0.05, italic=False, languageStyle='LTR', name='text_2', opacity=1.0, ori=0.0, pos=array([0., 0.]), rgb=UNKNOWN, text='please take break', units='height', win=Window(...), wrapWidth=1)
0.0499 	EXP 	text_3: autoDraw = True
1.8769 	DATA 	Mouse: Left button down, pos=(749,320)
2.0285 	DATA 	Mouse:  Left button up, pos=(749,319)
10.1452 	DATA 	Mouse: Left button down, pos=(707,344)
10.2618 	DATA 	Mouse:  Left button up, pos=(706,344)
14.2450 	DATA 	Mouse: Left button down, pos=(768,481)
14.3620 	DATA 	Mouse:  Left button up, pos=(767,481)
14.8140 	DATA 	Keypress: space
15.3471 	DATA 	Keypress: space
15.5956 	DATA 	Keypress: space
15.9279 	DATA 	Keypress: space
28.3446 	DATA 	Mouse: Left button down, pos=(764,442)
28.4767 	DATA 	Mouse:  Left button up, pos=(764,442)
29.0283 	DATA 	Keypress: 5
29.0428 	EXP 	text_3: autoDraw = False
29.0428 	EXP 	text: autoDraw = True
29.7122 	DATA 	Mouse: Left button down, pos=(795,449)
29.8459 	DATA 	Mouse:  Left button up, pos=(795,449)
29.9827 	EXP 	Imported conditions_files/participant1_.csv as conditions, 900 conditions, 6 params
29.9859 	EXP 	Created sequence: sequential, trialTypes=900, nReps=1, seed=None
29.9861 	EXP 	New trial (rep=0, index=0): OrderedDict([('current_image', 'blank.jpg'), ('is_repeat', 0), ('trial_index', 0), ('is_blank_trial', 1), ('is_new_run', 1), ('run_num', 0)])
29.9863 	ERROR 	Couldn't find image blank.jpg; check path? (tried: /Users/rosskempner/Desktop/Documents/Research/compmem/rt_mindEye2/psychopy_task/blank.jpg)
29.9922 	EXP 	window1: mouseVisible = True
