10.9581 	EXP 	Created window1 = Window(allowGUI=True, allowStencil=False, autoLog=True, backendConf=UNKNOWN, backgroundFit=<method-wrapper '__getattribute__' of attributeSetter object at 0x7f9241bb00a0>, backgroundImage=<method-wrapper '__getattribute__' of attributeSetter object at 0x7f9241bb0040>, bitsMode=UNKNOWN, blendMode='avg', bpc=(8, 8, 8), color=array([0, 0, 0]), colorSpace='rgb', depthBits=8, fullscr=<method-wrapper '__getattribute__' of attributeSetter object at 0x7f9241b55ee0>, gamma=None, gammaErrorPolicy='raise', lms=UNKNOWN, monitor=<psychopy.monitors.calibTools.Monitor object at 0x7f9241c77c70>, multiSample=False, name='window1', numSamples=2, pos=(448, 280), screen=0, size=array([3584, 2240]), stencilBits=0, stereo=False, title='PsychoPy', units='height', useFBO=True, useRetina=True, viewOri=0.0, viewPos=None, viewScale=None, waitBlanking=True, winType='pyglet')
10.9582 	EXP 	window1: mouseVisible = True
10.9582 	EXP 	window1: backgroundImage = ''
10.9582 	EXP 	window1: backgroundFit = 'none'
10.9604 	EXP 	window1: Attempting to measure frame rate of screen (0) ...
10.9604 	EXP 	window1: recordFrameIntervals = False
11.1239 	EXP 	window1: recordFrameIntervals = True
11.3080 	EXP 	Screen (0) actual frame rate measured at 59.91Hz
11.3080 	EXP 	window1: recordFrameIntervals = False
11.3082 	EXP 	window1: mouseVisible = True
14.8566 	EXP 	replicate_nsd: status = STARTED
15.4854 	EXP 	window1: mouseVisible = True
15.5235 	EXP 	Created text_3 = TextStim(__class__=<class 'psychopy.visual.text.TextStim'>, alignHoriz=method-wrapper(...), alignText='center', alignVert=method-wrapper(...), anchorHoriz='center', anchorVert='center', antialias=True, autoDraw=False, autoLog=True, bold=False, color=array([1., 1., 1.]), colorSpace='rgb', contrast=1.0, depth=-1.0, draggable=False, flipHoriz=False, flipVert=False, font='Open Sans', fontFiles=[], height=0.05, italic=False, languageStyle='LTR', name='text_3', opacity=1.0, ori=0.0, pos=array([0., 0.]), rgb=UNKNOWN, text='waiting for scanner…', units='height', win=Window(...), wrapWidth=1)
15.5237 	EXP 	window1: mouseVisible = True
15.5293 	EXP 	Created text = TextStim(__class__=<class 'psychopy.visual.text.TextStim'>, alignHoriz=method-wrapper(...), alignText='center', alignVert=method-wrapper(...), anchorHoriz='center', anchorVert='center', antialias=True, autoDraw=False, autoLog=True, bold=False, color=array([1., 1., 1.]), colorSpace='rgb', contrast=1.0, depth=0.0, draggable=False, flipHoriz=False, flipVert=False, font='Open Sans', fontFiles=[], height=0.05, italic=False, languageStyle='LTR', name='text', opacity=1.0, ori=0.0, pos=array([0., 0.]), rgb=UNKNOWN, text='put instructions here', units='height', win=Window(...), wrapWidth=1)
16.1451 	EXP 	window1: mouseVisible = True
16.1667 	EXP 	Created image = ImageStim(__class__=<class 'psychopy.visual.image.ImageStim'>, anchor=('center', 'center'), autoLog=True, color=array([1., 1., 1.]), colorSpace='rgb', contrast=1.0, depth=0.0, draggable=False, flipHoriz=False, flipVert=False, image='default.png', interpolate=True, mask=None, maskParams=None, name='image', opacity=1.0, ori=0.0, pos=array([0., 0.]), size=array([0.5, 0.5]), texRes=128.0, units='height', win=Window(...))
16.7978 	EXP 	window1: mouseVisible = True
16.8017 	EXP 	Created polygon = ShapeStim(__class__=<class 'psychopy.visual.shape.ShapeStim'>, anchor=('center', 'center'), autoDraw=False, autoLog=True, closeShape=True, color=method-wrapper(...), colorSpace='rgb', contrast=None, depth=-3.0, draggable=False, fillColor=array([ 1., -1., -1.]), fillColorSpace='rgb', fillRGB=array([ 1., -1., -1.]), interpolate=True, lineColor=array([-1., -1., -1.]), lineColorSpace='rgb', lineRGB=array([-1., -1., -1.]), lineWidth=3.0, name='polygon', opacity=0.3, ori=0.0, pos=array([0., 0.]), size=array([0.04, 0.04]), units='height', vertices=ndarray(...), win=Window(...), windingRule=None)
17.4262 	EXP 	window1: mouseVisible = True
17.4292 	EXP 	Created polygon_2 = ShapeStim(__class__=<class 'psychopy.visual.shape.ShapeStim'>, anchor=('center', 'center'), autoDraw=False, autoLog=True, closeShape=True, color=method-wrapper(...), colorSpace='rgb', contrast=None, depth=-1.0, draggable=False, fillColor=array([ 1., -1., -1.]), fillColorSpace='rgb', fillRGB=array([ 1., -1., -1.]), interpolate=True, lineColor=array([-1., -1., -1.]), lineColorSpace='rgb', lineRGB=array([-1., -1., -1.]), lineWidth=3.0, name='polygon_2', opacity=0.3, ori=0.0, pos=array([0., 0.]), size=array([0.04, 0.04]), units='height', vertices=ndarray(...), win=Window(...), windingRule=None)
17.4293 	EXP 	window1: mouseVisible = True
17.4350 	EXP 	Created text_2 = TextStim(__class__=<class 'psychopy.visual.text.TextStim'>, alignHoriz=method-wrapper(...), alignText='center', alignVert=method-wrapper(...), anchorHoriz='center', anchorVert='center', antialias=True, autoDraw=False, autoLog=True, bold=False, color=array([1., 1., 1.]), colorSpace='rgb', contrast=1.0, depth=-2.0, draggable=False, flipHoriz=False, flipVert=False, font='Open Sans', fontFiles=[], height=0.05, italic=False, languageStyle='LTR', name='text_2', opacity=1.0, ori=0.0, pos=array([0., 0.]), rgb=UNKNOWN, text='end of run. take a break.', units='height', win=Window(...), wrapWidth=1)
0.0415 	EXP 	text_3: autoDraw = True
29.0911 	DATA 	Mouse: Left button down, pos=(1236,683)
29.1907 	DATA 	Mouse:  Left button up, pos=(1236,683)
29.2624 	DATA 	Keypress: 5
29.2723 	EXP 	text_3: autoDraw = False
29.2723 	EXP 	text: autoDraw = True
31.8067 	DATA 	Mouse: Left button down, pos=(1005,858)
31.9237 	DATA 	Mouse:  Left button up, pos=(1005,858)
32.1600 	EXP 	Imported conditions_files/participant1_.csv as conditions, 900 conditions, 6 params
32.1634 	EXP 	Created sequence: sequential, trialTypes=900, nReps=1, seed=None
32.1636 	EXP 	New trial (rep=0, index=0): OrderedDict([('current_image', 'images/blank.jpg'), ('is_repeat', 0), ('trial_index', 0), ('is_blank_trial', 1), ('is_new_run', 0), ('run_num', 0)])
32.1781 	DATA 	Keypress: space
32.2020 	EXP 	text: autoDraw = False
32.2020 	EXP 	image: image = 'images/blank.jpg'
32.2020 	EXP 	image: autoDraw = False
32.2020 	EXP 	polygon: autoDraw = False
32.2020 	EXP 	polygon_2: autoDraw = True
36.1573 	EXP 	New trial (rep=0, index=1): OrderedDict([('current_image', 'images/blank.jpg'), ('is_repeat', 0), ('trial_index', 1), ('is_blank_trial', 1), ('is_new_run', 0), ('run_num', 0)])
36.1729 	EXP 	polygon_2: autoDraw = False
36.1729 	EXP 	text_2: autoDraw = False
36.1729 	EXP 	image: image = 'images/blank.jpg'
36.1729 	EXP 	image: autoDraw = False
36.1729 	EXP 	polygon: autoDraw = False
36.1729 	EXP 	polygon_2: autoDraw = True
40.1565 	EXP 	New trial (rep=0, index=2): OrderedDict([('current_image', 'images/blank.jpg'), ('is_repeat', 0), ('trial_index', 2), ('is_blank_trial', 1), ('is_new_run', 0), ('run_num', 0)])
40.1721 	EXP 	polygon_2: autoDraw = False
40.1721 	EXP 	polygon_2: autoDraw = False
40.1721 	EXP 	text_2: autoDraw = False
40.1721 	EXP 	image: image = 'images/blank.jpg'
40.1721 	EXP 	image: autoDraw = False
40.1721 	EXP 	polygon: autoDraw = False
40.1721 	EXP 	polygon_2: autoDraw = True
44.1564 	EXP 	New trial (rep=0, index=3): OrderedDict([('current_image', 'images/11_12.jpg'), ('is_repeat', 0), ('trial_index', 3), ('is_blank_trial', 0), ('is_new_run', 0), ('run_num', 0)])
44.1723 	EXP 	polygon_2: autoDraw = False
44.1723 	EXP 	polygon_2: autoDraw = False
44.1723 	EXP 	text_2: autoDraw = False
44.1723 	EXP 	image: image = 'images/11_12.jpg'
44.1723 	EXP 	polygon: autoDraw = True
45.1718 	EXP 	image: autoDraw = True
48.1558 	EXP 	New trial (rep=0, index=4): OrderedDict([('current_image', 'images/23_12 copy 3.jpg'), ('is_repeat', 0), ('trial_index', 4), ('is_blank_trial', 0), ('is_new_run', 0), ('run_num', 0)])
48.1721 	EXP 	image: autoDraw = False
48.1721 	EXP 	polygon: autoDraw = False
48.1721 	EXP 	image: autoDraw = False
48.1721 	EXP 	polygon: autoDraw = False
48.1721 	EXP 	polygon_2: autoDraw = False
48.1721 	EXP 	text_2: autoDraw = False
48.1721 	EXP 	image: image = 'images/23_12 copy 3.jpg'
48.1721 	EXP 	polygon: autoDraw = True
49.1558 	EXP 	image: autoDraw = True
52.1447 	EXP 	image: autoDraw = False
52.1551 	EXP 	New trial (rep=0, index=5): OrderedDict([('current_image', 'images/14_40 copy.jpg'), ('is_repeat', 0), ('trial_index', 5), ('is_blank_trial', 0), ('is_new_run', 0), ('run_num', 0)])
52.1615 	EXP 	polygon: autoDraw = False
52.1615 	EXP 	image: autoDraw = False
52.1615 	EXP 	polygon: autoDraw = False
52.1615 	EXP 	polygon_2: autoDraw = False
52.1615 	EXP 	text_2: autoDraw = False
52.1615 	EXP 	image: image = 'images/14_40 copy.jpg'
52.1615 	EXP 	polygon: autoDraw = True
53.1435 	EXP 	image: autoDraw = True
56.1554 	EXP 	image: autoDraw = False
56.1559 	EXP 	New trial (rep=0, index=6): OrderedDict([('current_image', 'images/12_40 copy 3.jpg'), ('is_repeat', 0), ('trial_index', 6), ('is_blank_trial', 0), ('is_new_run', 0), ('run_num', 0)])
56.1722 	EXP 	image: autoDraw = False
56.1722 	EXP 	polygon: autoDraw = False
56.1722 	EXP 	polygon_2: autoDraw = False
56.1722 	EXP 	text_2: autoDraw = False
56.1722 	EXP 	image: image = 'images/12_40 copy 3.jpg'
56.1722 	EXP 	polygon: autoDraw = True
57.1557 	EXP 	image: autoDraw = True
60.1555 	EXP 	image: autoDraw = False
60.1560 	EXP 	New trial (rep=0, index=7): OrderedDict([('current_image', 'images/17_40 copy 2.jpg'), ('is_repeat', 0), ('trial_index', 7), ('is_blank_trial', 0), ('is_new_run', 0), ('run_num', 0)])
60.1722 	EXP 	polygon: autoDraw = False
60.1722 	EXP 	image: autoDraw = False
60.1722 	EXP 	polygon: autoDraw = False
60.1722 	EXP 	polygon_2: autoDraw = False
60.1722 	EXP 	text_2: autoDraw = False
60.1722 	EXP 	image: image = 'images/17_40 copy 2.jpg'
60.1722 	EXP 	polygon: autoDraw = True
61.1561 	EXP 	image: autoDraw = True
64.1555 	EXP 	image: autoDraw = False
64.1565 	EXP 	New trial (rep=0, index=8): OrderedDict([('current_image', 'images/pair09 copy.jpg'), ('is_repeat', 0), ('trial_index', 8), ('is_blank_trial', 0), ('is_new_run', 0), ('run_num', 0)])
64.1720 	EXP 	polygon: autoDraw = False
64.1720 	EXP 	image: autoDraw = False
64.1720 	EXP 	polygon: autoDraw = False
64.1720 	EXP 	polygon_2: autoDraw = False
64.1720 	EXP 	text_2: autoDraw = False
64.1720 	EXP 	image: image = 'images/pair09 copy.jpg'
64.1720 	EXP 	polygon: autoDraw = True
65.1558 	EXP 	image: autoDraw = True
66.0427 	DATA 	Mouse: Left button down, pos=(272,771)
66.1896 	DATA 	Mouse:  Left button up, pos=(272,771)
68.1552 	EXP 	image: autoDraw = False
68.1559 	EXP 	New trial (rep=0, index=9): OrderedDict([('current_image', 'images/23_28 copy 3.jpg'), ('is_repeat', 0), ('trial_index', 9), ('is_blank_trial', 0), ('is_new_run', 0), ('run_num', 0)])
68.1719 	EXP 	polygon: autoDraw = False
68.1719 	EXP 	image: autoDraw = False
68.1719 	EXP 	polygon: autoDraw = False
68.1719 	EXP 	polygon_2: autoDraw = False
68.1719 	EXP 	text_2: autoDraw = False
68.1719 	EXP 	image: image = 'images/23_28 copy 3.jpg'
68.1719 	EXP 	polygon: autoDraw = True
69.1557 	EXP 	image: autoDraw = True
72.1558 	EXP 	image: autoDraw = False
72.1564 	EXP 	New trial (rep=0, index=10): OrderedDict([('current_image', 'images/blank.jpg'), ('is_repeat', 0), ('trial_index', 10), ('is_blank_trial', 1), ('is_new_run', 0), ('run_num', 0)])
72.1725 	EXP 	image: autoDraw = False
72.1725 	EXP 	polygon: autoDraw = False
72.1725 	EXP 	polygon_2: autoDraw = False
72.1725 	EXP 	text_2: autoDraw = False
72.1725 	EXP 	image: image = 'images/blank.jpg'
72.1725 	EXP 	image: autoDraw = False
72.1725 	EXP 	polygon: autoDraw = False
72.1725 	EXP 	polygon_2: autoDraw = True
74.9249 	DATA 	Keypress: escape
76.1560 	EXP 	New trial (rep=0, index=11): OrderedDict([('current_image', 'images/18_0 copy.jpg'), ('is_repeat', 0), ('trial_index', 11), ('is_blank_trial', 0), ('is_new_run', 0), ('run_num', 0)])
76.1610 	DATA 	Mouse: Left button down, pos=(479,599)
76.1720 	EXP 	polygon_2: autoDraw = False
76.1720 	EXP 	polygon_2: autoDraw = False
76.1720 	EXP 	text_2: autoDraw = False
76.1720 	EXP 	image: image = 'images/18_0 copy.jpg'
76.1720 	EXP 	polygon: autoDraw = True
76.2913 	DATA 	Mouse:  Left button up, pos=(479,599)
76.7932 	DATA 	Keypress: escape
76.9246 	EXP 	replicate_nsd: status = STOPPED
76.9388 	EXP 	polygon: autoDraw = False
76.9388 	EXP 	replicate_nsd: status = STOPPED
76.9621 	EXP 	window1: mouseVisible = True
