9.3185 	EXP 	Created window1 = Window(allowGUI=True, allowStencil=False, autoLog=True, backendConf=UNKNOWN, backgroundFit=<method-wrapper '__getattribute__' of attributeSetter object at 0x7fbdb4030220>, backgroundImage=<method-wrapper '__getattribute__' of attributeSetter object at 0x7fbdb40301c0>, bitsMode=UNKNOWN, blendMode='avg', bpc=(8, 8, 8), color=array([0, 0, 0]), colorSpace='rgb', depthBits=8, fullscr=<method-wrapper '__getattribute__' of attributeSetter object at 0x7fbdb3fcdb50>, gamma=None, gammaErrorPolicy='raise', lms=UNKNOWN, monitor=<psychopy.monitors.calibTools.Monitor object at 0x7fbdb414cd90>, multiSample=False, name='window1', numSamples=2, pos=(448, 280), screen=0, size=array([3584, 2240]), stencilBits=0, stereo=False, title='PsychoPy', units='height', useFBO=True, useRetina=True, viewOri=0.0, viewPos=None, viewScale=None, waitBlanking=True, winType='pyglet')
9.3186 	EXP 	window1: mouseVisible = True
9.3186 	EXP 	window1: backgroundImage = ''
9.3187 	EXP 	window1: backgroundFit = 'none'
9.3206 	EXP 	window1: Attempting to measure frame rate of screen (0) ...
9.3207 	EXP 	window1: recordFrameIntervals = False
9.5160 	EXP 	window1: recordFrameIntervals = True
9.6991 	EXP 	Screen (0) actual frame rate measured at 60.08Hz
9.6991 	EXP 	window1: recordFrameIntervals = False
9.6992 	EXP 	window1: mouseVisible = True
13.4907 	EXP 	replicate_nsd: status = STARTED
14.1428 	EXP 	window1: mouseVisible = True
14.1808 	EXP 	Created text_3 = TextStim(__class__=<class 'psychopy.visual.text.TextStim'>, alignHoriz=method-wrapper(...), alignText='center', alignVert=method-wrapper(...), anchorHoriz='center', anchorVert='center', antialias=True, autoDraw=False, autoLog=True, bold=False, color=array([1., 1., 1.]), colorSpace='rgb', contrast=1.0, depth=-1.0, draggable=False, flipHoriz=False, flipVert=False, font='Open Sans', fontFiles=[], height=0.05, italic=False, languageStyle='LTR', name='text_3', opacity=1.0, ori=0.0, pos=array([0., 0.]), rgb=UNKNOWN, text='waiting for scanner…', units='height', win=Window(...), wrapWidth=1)
14.1810 	EXP 	window1: mouseVisible = True
14.1879 	EXP 	Created text = TextStim(__class__=<class 'psychopy.visual.text.TextStim'>, alignHoriz=method-wrapper(...), alignText='center', alignVert=method-wrapper(...), anchorHoriz='center', anchorVert='center', antialias=True, autoDraw=False, autoLog=True, bold=False, color=array([1., 1., 1.]), colorSpace='rgb', contrast=1.0, depth=0.0, draggable=False, flipHoriz=False, flipVert=False, font='Open Sans', fontFiles=[], height=0.05, italic=False, languageStyle='LTR', name='text', opacity=1.0, ori=0.0, pos=array([0., 0.]), rgb=UNKNOWN, text='put instructions here. press spacebar.', units='height', win=Window(...), wrapWidth=1)
14.8528 	EXP 	window1: mouseVisible = True
14.8744 	EXP 	Created image = ImageStim(__class__=<class 'psychopy.visual.image.ImageStim'>, anchor=('center', 'center'), autoLog=True, color=array([1., 1., 1.]), colorSpace='rgb', contrast=1.0, depth=0.0, draggable=False, flipHoriz=False, flipVert=False, image='default.png', interpolate=True, mask=None, maskParams=None, name='image', opacity=1.0, ori=0.0, pos=array([0., 0.]), size=array([0.5, 0.5]), texRes=128.0, units='height', win=Window(...))
15.5505 	EXP 	window1: mouseVisible = True
15.5542 	EXP 	Created polygon = ShapeStim(__class__=<class 'psychopy.visual.shape.ShapeStim'>, anchor=('center', 'center'), autoDraw=False, autoLog=True, closeShape=True, color=method-wrapper(...), colorSpace='rgb', contrast=None, depth=-3.0, draggable=False, fillColor=array([ 1., -1., -1.]), fillColorSpace='rgb', fillRGB=array([ 1., -1., -1.]), interpolate=True, lineColor=array([-1., -1., -1.]), lineColorSpace='rgb', lineRGB=array([-1., -1., -1.]), lineWidth=3.0, name='polygon', opacity=0.3, ori=0.0, pos=array([0., 0.]), size=array([0.01, 0.01]), units='height', vertices=ndarray(...), win=Window(...), windingRule=None)
16.2330 	EXP 	window1: mouseVisible = True
16.2359 	EXP 	Created polygon_2 = ShapeStim(__class__=<class 'psychopy.visual.shape.ShapeStim'>, anchor=('center', 'center'), autoDraw=False, autoLog=True, closeShape=True, color=method-wrapper(...), colorSpace='rgb', contrast=None, depth=-1.0, draggable=False, fillColor=array([ 1., -1., -1.]), fillColorSpace='rgb', fillRGB=array([ 1., -1., -1.]), interpolate=True, lineColor=array([-1., -1., -1.]), lineColorSpace='rgb', lineRGB=array([-1., -1., -1.]), lineWidth=3.0, name='polygon_2', opacity=0.3, ori=0.0, pos=array([0., 0.]), size=array([0.04, 0.04]), units='height', vertices=ndarray(...), win=Window(...), windingRule=None)
16.2360 	EXP 	window1: mouseVisible = True
16.2417 	EXP 	Created text_2 = TextStim(__class__=<class 'psychopy.visual.text.TextStim'>, alignHoriz=method-wrapper(...), alignText='center', alignVert=method-wrapper(...), anchorHoriz='center', anchorVert='center', antialias=True, autoDraw=False, autoLog=True, bold=False, color=array([1., 1., 1.]), colorSpace='rgb', contrast=1.0, depth=-2.0, draggable=False, flipHoriz=False, flipVert=False, font='Open Sans', fontFiles=[], height=0.05, italic=False, languageStyle='LTR', name='text_2', opacity=1.0, ori=0.0, pos=array([0., 0.]), rgb=UNKNOWN, text='end of run. take a break.', units='height', win=Window(...), wrapWidth=1)
0.0485 	EXP 	text_3: autoDraw = True
13.0084 	DATA 	Mouse: Left button down, pos=(821,604)
13.1088 	DATA 	Mouse:  Left button up, pos=(821,604)
13.5121 	DATA 	Keypress: 5
13.5236 	EXP 	text_3: autoDraw = False
13.5236 	EXP 	text: autoDraw = True
14.0253 	DATA 	Mouse: Left button down, pos=(821,604)
14.1919 	DATA 	Mouse:  Left button up, pos=(821,604)
14.4755 	EXP 	Imported conditions_files/participant1_.csv as conditions, 900 conditions, 6 params
14.4787 	EXP 	Created sequence: sequential, trialTypes=900, nReps=1, seed=None
14.4789 	EXP 	New trial (rep=0, index=0): OrderedDict([('current_image', 'images/blank.jpg'), ('is_repeat', 0), ('trial_index', 0), ('is_blank_trial', 1), ('is_new_run', 0), ('run_num', 0)])
14.4937 	DATA 	Keypress: space
14.5181 	EXP 	text: autoDraw = False
14.5181 	EXP 	image: image = 'images/blank.jpg'
14.5181 	EXP 	image: autoDraw = False
14.5181 	EXP 	polygon: autoDraw = False
14.5181 	EXP 	polygon_2: autoDraw = True
17.6249 	DATA 	Mouse: Left button down, pos=(821,604)
17.7764 	DATA 	Mouse:  Left button up, pos=(821,604)
18.4746 	EXP 	New trial (rep=0, index=1): OrderedDict([('current_image', 'images/blank.jpg'), ('is_repeat', 0), ('trial_index', 1), ('is_blank_trial', 1), ('is_new_run', 0), ('run_num', 0)])
18.4904 	EXP 	polygon_2: autoDraw = False
18.4904 	EXP 	text_2: autoDraw = False
18.4904 	EXP 	image: image = 'images/blank.jpg'
18.4904 	EXP 	image: autoDraw = False
18.4904 	EXP 	polygon: autoDraw = False
18.4904 	EXP 	polygon_2: autoDraw = True
22.4598 	EXP 	New trial (rep=0, index=2): OrderedDict([('current_image', 'images/blank.jpg'), ('is_repeat', 0), ('trial_index', 2), ('is_blank_trial', 1), ('is_new_run', 0), ('run_num', 0)])
22.4738 	EXP 	polygon_2: autoDraw = False
22.4738 	EXP 	text_2: autoDraw = False
22.4738 	EXP 	image: image = 'images/blank.jpg'
22.4738 	EXP 	image: autoDraw = False
22.4738 	EXP 	polygon: autoDraw = False
22.4738 	EXP 	polygon_2: autoDraw = True
26.4618 	EXP 	New trial (rep=0, index=3): OrderedDict([('current_image', 'images/11_12.jpg'), ('is_repeat', 0), ('trial_index', 3), ('is_blank_trial', 0), ('is_new_run', 0), ('run_num', 0)])
26.4743 	EXP 	polygon_2: autoDraw = False
26.4743 	EXP 	polygon_2: autoDraw = False
26.4743 	EXP 	text_2: autoDraw = False
26.4743 	EXP 	image: image = 'images/11_12.jpg'
26.4743 	EXP 	polygon: autoDraw = True
27.2934 	DATA 	Mouse: Left button down, pos=(307,661)
27.4269 	DATA 	Mouse:  Left button up, pos=(307,661)
27.4737 	EXP 	image: autoDraw = True
27.7092 	DATA 	Keypress: space
30.4586 	EXP 	New trial (rep=0, index=4): OrderedDict([('current_image', 'images/23_12 copy 3.jpg'), ('is_repeat', 0), ('trial_index', 4), ('is_blank_trial', 0), ('is_new_run', 0), ('run_num', 0)])
30.4744 	EXP 	image: autoDraw = False
30.4744 	EXP 	polygon: autoDraw = False
30.4744 	EXP 	image: autoDraw = False
30.4744 	EXP 	polygon: autoDraw = False
30.4744 	EXP 	polygon_2: autoDraw = False
30.4744 	EXP 	text_2: autoDraw = False
30.4744 	EXP 	image: image = 'images/23_12 copy 3.jpg'
30.4744 	EXP 	polygon: autoDraw = True
31.4573 	EXP 	image: autoDraw = True
34.4576 	EXP 	image: autoDraw = False
34.4583 	EXP 	New trial (rep=0, index=5): OrderedDict([('current_image', 'images/14_40 copy.jpg'), ('is_repeat', 0), ('trial_index', 5), ('is_blank_trial', 0), ('is_new_run', 0), ('run_num', 0)])
34.4744 	EXP 	polygon: autoDraw = False
34.4744 	EXP 	image: autoDraw = False
34.4744 	EXP 	polygon: autoDraw = False
34.4744 	EXP 	polygon_2: autoDraw = False
34.4744 	EXP 	text_2: autoDraw = False
34.4744 	EXP 	image: image = 'images/14_40 copy.jpg'
34.4744 	EXP 	polygon: autoDraw = True
35.4570 	EXP 	image: autoDraw = True
38.4573 	EXP 	image: autoDraw = False
38.4580 	EXP 	New trial (rep=0, index=6): OrderedDict([('current_image', 'images/12_40 copy 3.jpg'), ('is_repeat', 0), ('trial_index', 6), ('is_blank_trial', 0), ('is_new_run', 0), ('run_num', 0)])
38.4738 	EXP 	polygon: autoDraw = False
38.4738 	EXP 	image: autoDraw = False
38.4738 	EXP 	polygon: autoDraw = False
38.4738 	EXP 	polygon_2: autoDraw = False
38.4738 	EXP 	text_2: autoDraw = False
38.4738 	EXP 	image: image = 'images/12_40 copy 3.jpg'
38.4738 	EXP 	polygon: autoDraw = True
39.4575 	EXP 	image: autoDraw = True
42.4571 	EXP 	image: autoDraw = False
42.4582 	EXP 	New trial (rep=0, index=7): OrderedDict([('current_image', 'images/17_40 copy 2.jpg'), ('is_repeat', 0), ('trial_index', 7), ('is_blank_trial', 0), ('is_new_run', 0), ('run_num', 0)])
42.4739 	EXP 	polygon: autoDraw = False
42.4739 	EXP 	image: autoDraw = False
42.4739 	EXP 	polygon: autoDraw = False
42.4739 	EXP 	polygon_2: autoDraw = False
42.4739 	EXP 	text_2: autoDraw = False
42.4739 	EXP 	image: image = 'images/17_40 copy 2.jpg'
42.4739 	EXP 	polygon: autoDraw = True
43.4570 	EXP 	image: autoDraw = True
45.8137 	DATA 	Mouse: Left button down, pos=(565,574)
45.9414 	DATA 	Mouse:  Left button up, pos=(565,574)
46.1922 	DATA 	Keypress: space
46.4567 	EXP 	image: autoDraw = False
46.4572 	EXP 	New trial (rep=0, index=8): OrderedDict([('current_image', 'images/pair09 copy.jpg'), ('is_repeat', 0), ('trial_index', 8), ('is_blank_trial', 0), ('is_new_run', 0), ('run_num', 0)])
46.4735 	EXP 	polygon: autoDraw = False
46.4735 	EXP 	image: autoDraw = False
46.4735 	EXP 	polygon: autoDraw = False
46.4735 	EXP 	polygon_2: autoDraw = False
46.4735 	EXP 	text_2: autoDraw = False
46.4735 	EXP 	image: image = 'images/pair09 copy.jpg'
46.4735 	EXP 	polygon: autoDraw = True
47.4572 	EXP 	image: autoDraw = True
48.1422 	DATA 	Keypress: escape
48.2904 	EXP 	replicate_nsd: status = STOPPED
48.3068 	EXP 	image: autoDraw = False
48.3068 	EXP 	polygon: autoDraw = False
48.3069 	EXP 	replicate_nsd: status = STOPPED
48.3303 	EXP 	window1: mouseVisible = True
