9.0156 	EXP 	Created window1 = Window(allowGUI=True, allowStencil=False, autoLog=True, backendConf=UNKNOWN, backgroundFit=<method-wrapper '__getattribute__' of attributeSetter object at 0x7fd2094f8220>, backgroundImage=<method-wrapper '__getattribute__' of attributeSetter object at 0x7fd2094f81c0>, bitsMode=UNKNOWN, blendMode='avg', bpc=(8, 8, 8), color=array([0, 0, 0]), colorSpace='rgb', depthBits=8, fullscr=<method-wrapper '__getattribute__' of attributeSetter object at 0x7fd209495b50>, gamma=None, gammaErrorPolicy='raise', lms=UNKNOWN, monitor=<psychopy.monitors.calibTools.Monitor object at 0x7fd209594d90>, multiSample=False, name='window1', numSamples=2, pos=(448, 280), screen=0, size=array([3584, 2240]), stencilBits=0, stereo=False, title='PsychoPy', units='height', useFBO=True, useRetina=True, viewOri=0.0, viewPos=None, viewScale=None, waitBlanking=True, winType='pyglet')
9.0157 	EXP 	window1: mouseVisible = True
9.0157 	EXP 	window1: backgroundImage = ''
9.0157 	EXP 	window1: backgroundFit = 'none'
9.0176 	EXP 	window1: Attempting to measure frame rate of screen (0) ...
9.0176 	EXP 	window1: recordFrameIntervals = False
9.1820 	EXP 	window1: recordFrameIntervals = True
9.2849 	WARNING 	t of last frame was 20.12ms (=1/49)
9.3855 	WARNING 	t of last frame was 20.34ms (=1/49)
9.5187 	WARNING 	t of last frame was 20.33ms (=1/49)
9.6829 	EXP 	Screen (0) actual frame rate measured at 60.99Hz
9.6830 	EXP 	window1: recordFrameIntervals = False
9.6831 	EXP 	window1: mouseVisible = True
13.3907 	EXP 	replicate_nsd: status = STARTED
13.9659 	EXP 	window1: mouseVisible = True
14.0129 	EXP 	Created text_3 = TextStim(__class__=<class 'psychopy.visual.text.TextStim'>, alignHoriz=method-wrapper(...), alignText='center', alignVert=method-wrapper(...), anchorHoriz='center', anchorVert='center', antialias=True, autoDraw=False, autoLog=True, bold=False, color=array([1., 1., 1.]), colorSpace='rgb', contrast=1.0, depth=-1.0, draggable=False, flipHoriz=False, flipVert=False, font='Open Sans', fontFiles=[], height=0.05, italic=False, languageStyle='LTR', name='text_3', opacity=1.0, ori=0.0, pos=array([0., 0.]), rgb=UNKNOWN, text='waiting for scanner…', units='height', win=Window(...), wrapWidth=1)
14.0130 	EXP 	window1: mouseVisible = True
14.0199 	EXP 	Created text = TextStim(__class__=<class 'psychopy.visual.text.TextStim'>, alignHoriz=method-wrapper(...), alignText='center', alignVert=method-wrapper(...), anchorHoriz='center', anchorVert='center', antialias=True, autoDraw=False, autoLog=True, bold=False, color=array([1., 1., 1.]), colorSpace='rgb', contrast=1.0, depth=0.0, draggable=False, flipHoriz=False, flipVert=False, font='Open Sans', fontFiles=[], height=0.05, italic=False, languageStyle='LTR', name='text', opacity=1.0, ori=0.0, pos=array([0., 0.]), rgb=UNKNOWN, text='put instructions here. press spacebar.', units='height', win=Window(...), wrapWidth=1)
14.6335 	EXP 	window1: mouseVisible = True
14.6608 	EXP 	Created image = ImageStim(__class__=<class 'psychopy.visual.image.ImageStim'>, anchor=('center', 'center'), autoLog=True, color=array([1., 1., 1.]), colorSpace='rgb', contrast=1.0, depth=0.0, draggable=False, flipHoriz=False, flipVert=False, image='default.png', interpolate=True, mask=None, maskParams=None, name='image', opacity=1.0, ori=0.0, pos=array([0., 0.]), size=array([0.5, 0.5]), texRes=128.0, units='height', win=Window(...))
15.2785 	EXP 	window1: mouseVisible = True
15.2818 	EXP 	Created polygon = ShapeStim(__class__=<class 'psychopy.visual.shape.ShapeStim'>, anchor=('center', 'center'), autoDraw=False, autoLog=True, closeShape=True, color=method-wrapper(...), colorSpace='rgb', contrast=None, depth=-3.0, draggable=False, fillColor=array([ 1., -1., -1.]), fillColorSpace='rgb', fillRGB=array([ 1., -1., -1.]), interpolate=True, lineColor=array([-1., -1., -1.]), lineColorSpace='rgb', lineRGB=array([-1., -1., -1.]), lineWidth=3.0, name='polygon', opacity=0.3, ori=0.0, pos=array([0., 0.]), size=array([0.01, 0.01]), units='height', vertices=ndarray(...), win=Window(...), windingRule=None)
15.8717 	EXP 	window1: mouseVisible = True
15.8748 	EXP 	Created polygon_2 = ShapeStim(__class__=<class 'psychopy.visual.shape.ShapeStim'>, anchor=('center', 'center'), autoDraw=False, autoLog=True, closeShape=True, color=method-wrapper(...), colorSpace='rgb', contrast=None, depth=-1.0, draggable=False, fillColor=array([ 1., -1., -1.]), fillColorSpace='rgb', fillRGB=array([ 1., -1., -1.]), interpolate=True, lineColor=array([-1., -1., -1.]), lineColorSpace='rgb', lineRGB=array([-1., -1., -1.]), lineWidth=3.0, name='polygon_2', opacity=0.3, ori=0.0, pos=array([0., 0.]), size=array([0.01, 0.01]), units='height', vertices=ndarray(...), win=Window(...), windingRule=None)
15.8749 	EXP 	window1: mouseVisible = True
15.8801 	EXP 	Created text_2 = TextStim(__class__=<class 'psychopy.visual.text.TextStim'>, alignHoriz=method-wrapper(...), alignText='center', alignVert=method-wrapper(...), anchorHoriz='center', anchorVert='center', antialias=True, autoDraw=False, autoLog=True, bold=False, color=array([1., 1., 1.]), colorSpace='rgb', contrast=1.0, depth=-2.0, draggable=False, flipHoriz=False, flipVert=False, font='Open Sans', fontFiles=[], height=0.05, italic=False, languageStyle='LTR', name='text_2', opacity=1.0, ori=0.0, pos=array([0., 0.]), rgb=UNKNOWN, text='end of run. take a break.', units='height', win=Window(...), wrapWidth=1)
0.0433 	EXP 	text_3: autoDraw = True
1.5203 	DATA 	Mouse: Left button down, pos=(1060,556)
1.6540 	DATA 	Mouse:  Left button up, pos=(1060,556)
2.6712 	DATA 	Keypress: 5
2.6847 	EXP 	text_3: autoDraw = False
2.6847 	EXP 	text: autoDraw = True
4.9893 	EXP 	Imported conditions_files/participant1_.csv as conditions, 900 conditions, 6 params
4.9925 	EXP 	Created sequence: sequential, trialTypes=900, nReps=1, seed=None
4.9927 	EXP 	New trial (rep=0, index=0): OrderedDict([('current_image', 'images/blank.jpg'), ('is_repeat', 0), ('trial_index', 0), ('is_blank_trial', 1), ('is_new_run', 0), ('run_num', 0)])
5.0167 	DATA 	Keypress: space
5.0432 	EXP 	text: autoDraw = False
5.0432 	EXP 	image: image = 'images/blank.jpg'
5.0432 	EXP 	image: autoDraw = False
5.0432 	EXP 	polygon: autoDraw = False
5.0432 	EXP 	polygon_2: autoDraw = True
8.5714 	DATA 	Mouse: Left button down, pos=(943,522)
8.7196 	DATA 	Mouse:  Left button up, pos=(943,522)
9.0038 	EXP 	New trial (rep=0, index=1): OrderedDict([('current_image', 'images/blank.jpg'), ('is_repeat', 0), ('trial_index', 1), ('is_blank_trial', 1), ('is_new_run', 0), ('run_num', 0)])
9.0182 	EXP 	polygon_2: autoDraw = False
9.0182 	EXP 	text_2: autoDraw = False
9.0182 	EXP 	image: image = 'images/blank.jpg'
9.0182 	EXP 	image: autoDraw = False
9.0182 	EXP 	polygon: autoDraw = False
9.0182 	EXP 	polygon_2: autoDraw = True
11.6364 	DATA 	Keypress: 1
11.7865 	DATA 	Keypress: 2
12.0570 	DATA 	Keypress: 2
12.2075 	DATA 	Keypress: 1
12.5194 	DATA 	Keypress: 2
12.7023 	DATA 	Keypress: 1
12.8863 	DATA 	Keypress: 2
13.0052 	EXP 	New trial (rep=0, index=2): OrderedDict([('current_image', 'images/blank.jpg'), ('is_repeat', 0), ('trial_index', 2), ('is_blank_trial', 1), ('is_new_run', 0), ('run_num', 0)])
13.0181 	EXP 	polygon_2: autoDraw = False
13.0181 	EXP 	polygon_2: autoDraw = False
13.0181 	EXP 	text_2: autoDraw = False
13.0181 	EXP 	image: image = 'images/blank.jpg'
13.0181 	EXP 	image: autoDraw = False
13.0181 	EXP 	polygon: autoDraw = False
13.0181 	EXP 	polygon_2: autoDraw = True
13.6030 	DATA 	Keypress: 2
13.7892 	DATA 	Keypress: 1
17.0022 	EXP 	New trial (rep=0, index=3): OrderedDict([('current_image', 'images/11_12.jpg'), ('is_repeat', 0), ('trial_index', 3), ('is_blank_trial', 0), ('is_new_run', 0), ('run_num', 0)])
17.0176 	EXP 	polygon_2: autoDraw = False
17.0176 	EXP 	polygon_2: autoDraw = False
17.0176 	EXP 	text_2: autoDraw = False
17.0176 	EXP 	image: image = 'images/11_12.jpg'
17.0176 	EXP 	polygon: autoDraw = True
18.0017 	EXP 	image: autoDraw = True
21.0024 	EXP 	image: autoDraw = False
21.0032 	EXP 	New trial (rep=0, index=4): OrderedDict([('current_image', 'images/23_12 copy 3.jpg'), ('is_repeat', 0), ('trial_index', 4), ('is_blank_trial', 0), ('is_new_run', 0), ('run_num', 0)])
21.0185 	EXP 	image: autoDraw = False
21.0185 	EXP 	polygon: autoDraw = False
21.0185 	EXP 	polygon_2: autoDraw = False
21.0185 	EXP 	text_2: autoDraw = False
21.0185 	EXP 	image: image = 'images/23_12 copy 3.jpg'
21.0185 	EXP 	polygon: autoDraw = True
22.0187 	EXP 	image: autoDraw = True
25.0197 	EXP 	New trial (rep=0, index=5): OrderedDict([('current_image', 'images/14_40 copy.jpg'), ('is_repeat', 0), ('trial_index', 5), ('is_blank_trial', 0), ('is_new_run', 0), ('run_num', 0)])
25.0342 	EXP 	image: autoDraw = False
25.0342 	EXP 	polygon: autoDraw = False
25.0342 	EXP 	polygon_2: autoDraw = False
25.0342 	EXP 	text_2: autoDraw = False
25.0342 	EXP 	image: image = 'images/14_40 copy.jpg'
25.0342 	EXP 	polygon: autoDraw = True
26.0173 	EXP 	image: autoDraw = True
29.0192 	EXP 	image: autoDraw = False
29.0197 	EXP 	New trial (rep=0, index=6): OrderedDict([('current_image', 'images/12_40 copy 3.jpg'), ('is_repeat', 0), ('trial_index', 6), ('is_blank_trial', 0), ('is_new_run', 0), ('run_num', 0)])
29.0344 	EXP 	polygon: autoDraw = False
29.0344 	EXP 	image: autoDraw = False
29.0344 	EXP 	polygon: autoDraw = False
29.0344 	EXP 	polygon_2: autoDraw = False
29.0344 	EXP 	text_2: autoDraw = False
29.0344 	EXP 	image: image = 'images/12_40 copy 3.jpg'
29.0344 	EXP 	polygon: autoDraw = True
30.0184 	EXP 	image: autoDraw = True
33.0188 	EXP 	image: autoDraw = False
33.0197 	EXP 	New trial (rep=0, index=7): OrderedDict([('current_image', 'images/17_40 copy 2.jpg'), ('is_repeat', 0), ('trial_index', 7), ('is_blank_trial', 0), ('is_new_run', 0), ('run_num', 0)])
33.0355 	EXP 	polygon: autoDraw = False
33.0355 	EXP 	image: autoDraw = False
33.0355 	EXP 	polygon: autoDraw = False
33.0355 	EXP 	polygon_2: autoDraw = False
33.0355 	EXP 	text_2: autoDraw = False
33.0355 	EXP 	image: image = 'images/17_40 copy 2.jpg'
33.0355 	EXP 	polygon: autoDraw = True
34.0182 	EXP 	image: autoDraw = True
37.0206 	EXP 	image: autoDraw = False
37.0215 	EXP 	New trial (rep=0, index=8): OrderedDict([('current_image', 'images/pair09 copy.jpg'), ('is_repeat', 0), ('trial_index', 8), ('is_blank_trial', 0), ('is_new_run', 0), ('run_num', 0)])
37.0359 	EXP 	image: autoDraw = False
37.0359 	EXP 	polygon: autoDraw = False
37.0359 	EXP 	polygon_2: autoDraw = False
37.0359 	EXP 	text_2: autoDraw = False
37.0359 	EXP 	image: image = 'images/pair09 copy.jpg'
37.0359 	EXP 	polygon: autoDraw = True
38.0363 	EXP 	image: autoDraw = True
38.3215 	DATA 	Keypress: escape
38.4854 	EXP 	replicate_nsd: status = STOPPED
38.5048 	EXP 	image: autoDraw = False
38.5048 	EXP 	polygon: autoDraw = False
38.5049 	EXP 	replicate_nsd: status = STOPPED
38.5321 	EXP 	window1: mouseVisible = True
