7.4858 	EXP 	Created window1 = Window(allowGUI=True, allowStencil=False, autoLog=True, backendConf=UNKNOWN, backgroundFit=<method-wrapper '__getattribute__' of attributeSetter object at 0x7fcf9fc391f0>, backgroundImage=<method-wrapper '__getattribute__' of attributeSetter object at 0x7fcf9fc39190>, bitsMode=UNKNOWN, blendMode='avg', bpc=(8, 8, 8), color=array([0, 0, 0]), colorSpace='rgb', depthBits=8, fullscr=<method-wrapper '__getattribute__' of attributeSetter object at 0x7fcf9fbd6b50>, gamma=None, gammaErrorPolicy='raise', lms=UNKNOWN, monitor=<psychopy.monitors.calibTools.Monitor object at 0x7fcf9fd57d60>, multiSample=False, name='window1', numSamples=2, pos=(448, 280), screen=0, size=array([3584, 2240]), stencilBits=0, stereo=False, title='PsychoPy', units='height', useFBO=True, useRetina=True, viewOri=0.0, viewPos=None, viewScale=None, waitBlanking=True, winType='pyglet')
7.4861 	EXP 	window1: mouseVisible = True
7.4861 	EXP 	window1: backgroundImage = ''
7.4861 	EXP 	window1: backgroundFit = 'none'
7.4888 	EXP 	window1: Attempting to measure frame rate of screen (0) ...
7.4888 	EXP 	window1: recordFrameIntervals = False
7.6520 	EXP 	window1: recordFrameIntervals = True
7.7544 	WARNING 	t of last frame was 19.92ms (=1/50)
7.9195 	EXP 	Screen (0) actual frame rate measured at 60.64Hz
7.9196 	EXP 	window1: recordFrameIntervals = False
7.9197 	EXP 	window1: mouseVisible = True
9.9228 	EXP 	replicate_nsd: status = STARTED
10.3588 	EXP 	window1: mouseVisible = True
10.3865 	EXP 	Created text_3 = TextStim(__class__=<class 'psychopy.visual.text.TextStim'>, alignHoriz=method-wrapper(...), alignText='center', alignVert=method-wrapper(...), anchorHoriz='center', anchorVert='center', antialias=True, autoDraw=False, autoLog=True, bold=False, color=array([1., 1., 1.]), colorSpace='rgb', contrast=1.0, depth=-1.0, draggable=False, flipHoriz=False, flipVert=False, font='Open Sans', fontFiles=[], height=0.05, italic=False, languageStyle='LTR', name='text_3', opacity=1.0, ori=0.0, pos=array([0., 0.]), rgb=UNKNOWN, text='waiting for scanner…', units='height', win=Window(...), wrapWidth=1)
10.3867 	EXP 	window1: mouseVisible = True
10.4103 	EXP 	Created text = TextStim(__class__=<class 'psychopy.visual.text.TextStim'>, alignHoriz=method-wrapper(...), alignText='center', alignVert=method-wrapper(...), anchorHoriz='center', anchorVert='center', antialias=True, autoDraw=False, autoLog=True, bold=False, color=array([1., 1., 1.]), colorSpace='rgb', contrast=1.0, depth=0.0, draggable=False, flipHoriz=False, flipVert=False, font='Open Sans', fontFiles=[], height=0.05, italic=False, languageStyle='LTR', name='text', opacity=1.0, ori=0.0, pos=array([0., 0.]), rgb=UNKNOWN, text=str(...), units='height', win=Window(...), wrapWidth=1)
10.8457 	EXP 	window1: mouseVisible = True
10.8656 	EXP 	Created image = ImageStim(__class__=<class 'psychopy.visual.image.ImageStim'>, anchor=('center', 'center'), autoLog=True, color=array([1., 1., 1.]), colorSpace='rgb', contrast=1.0, depth=0.0, draggable=False, flipHoriz=False, flipVert=False, image='default.png', interpolate=True, mask=None, maskParams=None, name='image', opacity=1.0, ori=0.0, pos=array([0., 0.]), size=array([0.5, 0.5]), texRes=128.0, units='height', win=Window(...))
11.2997 	EXP 	window1: mouseVisible = True
11.3028 	EXP 	Created polygon = ShapeStim(__class__=<class 'psychopy.visual.shape.ShapeStim'>, anchor=('center', 'center'), autoDraw=False, autoLog=True, closeShape=True, color=method-wrapper(...), colorSpace='rgb', contrast=None, depth=-3.0, draggable=False, fillColor=array([ 1., -1., -1.]), fillColorSpace='rgb', fillRGB=array([ 1., -1., -1.]), interpolate=True, lineColor=array([-1., -1., -1.]), lineColorSpace='rgb', lineRGB=array([-1., -1., -1.]), lineWidth=3.0, name='polygon', opacity=0.3, ori=0.0, pos=array([0., 0.]), size=array([0.04, 0.04]), units='height', vertices=ndarray(...), win=Window(...), windingRule=None)
11.7402 	EXP 	window1: mouseVisible = True
11.7431 	EXP 	Created polygon_2 = ShapeStim(__class__=<class 'psychopy.visual.shape.ShapeStim'>, anchor=('center', 'center'), autoDraw=False, autoLog=True, closeShape=True, color=method-wrapper(...), colorSpace='rgb', contrast=None, depth=-1.0, draggable=False, fillColor=array([ 1., -1., -1.]), fillColorSpace='rgb', fillRGB=array([ 1., -1., -1.]), interpolate=True, lineColor=array([-1., -1., -1.]), lineColorSpace='rgb', lineRGB=array([-1., -1., -1.]), lineWidth=3.0, name='polygon_2', opacity=0.3, ori=0.0, pos=array([0., 0.]), size=array([0.04, 0.04]), units='height', vertices=ndarray(...), win=Window(...), windingRule=None)
11.7432 	EXP 	window1: mouseVisible = True
11.7463 	EXP 	Created text_2 = TextStim(__class__=<class 'psychopy.visual.text.TextStim'>, alignHoriz=method-wrapper(...), alignText='center', alignVert=method-wrapper(...), anchorHoriz='center', anchorVert='center', antialias=True, autoDraw=False, autoLog=True, bold=False, color=array([1., 1., 1.]), colorSpace='rgb', contrast=1.0, depth=-2.0, draggable=False, flipHoriz=False, flipVert=False, font='Open Sans', fontFiles=[], height=0.05, italic=False, languageStyle='LTR', name='text_2', opacity=1.0, ori=0.0, pos=array([0., 0.]), rgb=UNKNOWN, text='please take break', units='height', win=Window(...), wrapWidth=1)
0.0389 	EXP 	text_3: autoDraw = True
12.9754 	DATA 	Mouse: Left button down, pos=(746,773)
13.0919 	DATA 	Mouse:  Left button up, pos=(746,772)
13.2598 	DATA 	Keypress: space
13.9752 	DATA 	Mouse: Left button down, pos=(746,769)
14.0587 	DATA 	Mouse:  Left button up, pos=(746,769)
14.6912 	DATA 	Keypress: 1
15.1755 	DATA 	Mouse: Left button down, pos=(746,769)
15.3244 	DATA 	Mouse:  Left button up, pos=(746,769)
15.4454 	DATA 	Keypress: 1
16.1915 	DATA 	Keypress: 1
18.7922 	DATA 	Mouse: Left button down, pos=(746,769)
18.8753 	DATA 	Mouse:  Left button up, pos=(746,769)
19.2760 	DATA 	Keypress: 5
19.2895 	EXP 	text_3: autoDraw = False
19.2895 	EXP 	text: autoDraw = True
19.6920 	DATA 	Mouse: Left button down, pos=(748,683)
19.7913 	DATA 	Mouse:  Left button up, pos=(748,683)
19.8937 	EXP 	Imported conditions_files/participant1_.csv as conditions, 900 conditions, 6 params
19.8969 	EXP 	Created sequence: sequential, trialTypes=900, nReps=1, seed=None
19.8971 	EXP 	New trial (rep=0, index=0): OrderedDict([('current_image', 'images/blank.jpg'), ('is_repeat', 0), ('trial_index', 0), ('is_blank_trial', 1), ('is_new_run', 1), ('run_num', 0)])
19.9162 	DATA 	Keypress: space
19.9426 	EXP 	text: autoDraw = False
19.9426 	EXP 	image: image = 'images/blank.jpg'
19.9426 	EXP 	image: autoDraw = False
19.9426 	EXP 	polygon: autoDraw = False
19.9426 	EXP 	polygon_2: autoDraw = True
23.8914 	EXP 	New trial (rep=0, index=1): OrderedDict([('current_image', 'images/blank.jpg'), ('is_repeat', 0), ('trial_index', 1), ('is_blank_trial', 1), ('is_new_run', 0), ('run_num', 0)])
23.9062 	EXP 	polygon_2: autoDraw = False
23.9062 	EXP 	text_2: autoDraw = False
23.9062 	EXP 	image: image = 'images/blank.jpg'
23.9062 	EXP 	image: autoDraw = False
23.9062 	EXP 	polygon: autoDraw = False
23.9062 	EXP 	polygon_2: autoDraw = True
27.8905 	EXP 	New trial (rep=0, index=2): OrderedDict([('current_image', 'images/blank.jpg'), ('is_repeat', 0), ('trial_index', 2), ('is_blank_trial', 1), ('is_new_run', 0), ('run_num', 0)])
27.9065 	EXP 	polygon_2: autoDraw = False
27.9065 	EXP 	polygon_2: autoDraw = False
27.9065 	EXP 	text_2: autoDraw = False
27.9065 	EXP 	image: image = 'images/blank.jpg'
27.9065 	EXP 	image: autoDraw = False
27.9065 	EXP 	polygon: autoDraw = False
27.9065 	EXP 	polygon_2: autoDraw = True
31.8902 	EXP 	New trial (rep=0, index=3): OrderedDict([('current_image', 'images/18_12 copy 3.jpg'), ('is_repeat', 0), ('trial_index', 3), ('is_blank_trial', 0), ('is_new_run', 0), ('run_num', 0)])
31.9060 	EXP 	polygon_2: autoDraw = False
31.9060 	EXP 	polygon_2: autoDraw = False
31.9060 	EXP 	text_2: autoDraw = False
31.9060 	EXP 	image: image = 'images/18_12 copy 3.jpg'
31.9060 	EXP 	polygon: autoDraw = True
32.8892 	EXP 	image: autoDraw = True
35.8893 	EXP 	image: autoDraw = False
35.8903 	EXP 	New trial (rep=0, index=4): OrderedDict([('current_image', 'images/14_28 copy 2.jpg'), ('is_repeat', 0), ('trial_index', 4), ('is_blank_trial', 0), ('is_new_run', 0), ('run_num', 0)])
35.9062 	EXP 	polygon: autoDraw = False
35.9062 	EXP 	image: autoDraw = False
35.9062 	EXP 	polygon: autoDraw = False
35.9062 	EXP 	polygon_2: autoDraw = False
35.9062 	EXP 	text_2: autoDraw = False
35.9062 	EXP 	image: image = 'images/14_28 copy 2.jpg'
35.9062 	EXP 	polygon: autoDraw = True
35.9413 	DATA 	Mouse: Left button down, pos=(842,583)
36.0415 	DATA 	Mouse:  Left button up, pos=(842,583)
36.8899 	EXP 	image: autoDraw = True
39.8899 	EXP 	image: autoDraw = False
39.8908 	EXP 	New trial (rep=0, index=5): OrderedDict([('current_image', 'images/pair01 copy 5.jpg'), ('is_repeat', 0), ('trial_index', 5), ('is_blank_trial', 0), ('is_new_run', 0), ('run_num', 0)])
39.9060 	EXP 	polygon: autoDraw = False
39.9060 	EXP 	image: autoDraw = False
39.9060 	EXP 	polygon: autoDraw = False
39.9060 	EXP 	polygon_2: autoDraw = False
39.9060 	EXP 	text_2: autoDraw = False
39.9060 	EXP 	image: image = 'images/pair01 copy 5.jpg'
39.9060 	EXP 	polygon: autoDraw = True
40.8899 	EXP 	image: autoDraw = True
42.1583 	DATA 	Keypress: escape
42.2564 	EXP 	replicate_nsd: status = STOPPED
42.2730 	EXP 	image: autoDraw = False
42.2730 	EXP 	polygon: autoDraw = False
42.2731 	EXP 	replicate_nsd: status = STOPPED
42.3754 	EXP 	window1: mouseVisible = True
