8.7757 	EXP 	Created window1 = Window(allowGUI=True, allowStencil=False, autoLog=True, backendConf=UNKNOWN, backgroundFit=<method-wrapper '__getattribute__' of attributeSetter object at 0x7fbcc171e340>, backgroundImage=<method-wrapper '__getattribute__' of attributeSetter object at 0x7fbcc171e2e0>, bitsMode=UNKNOWN, blendMode='avg', bpc=(8, 8, 8), color=array([0, 0, 0]), colorSpace='rgb', depthBits=8, fullscr=<method-wrapper '__getattribute__' of attributeSetter object at 0x7fbcc171e130>, gamma=None, gammaErrorPolicy='raise', lms=UNKNOWN, monitor=<psychopy.monitors.calibTools.Monitor object at 0x7fbcc16f9fa0>, multiSample=False, name='window1', numSamples=2, pos=(448, 280), screen=0, size=array([3584, 2240]), stencilBits=0, stereo=False, title='PsychoPy', units='height', useFBO=True, useRetina=True, viewOri=0.0, viewPos=None, viewScale=None, waitBlanking=True, winType='pyglet')
8.7758 	EXP 	window1: mouseVisible = True
8.7758 	EXP 	window1: backgroundImage = ''
8.7759 	EXP 	window1: backgroundFit = 'none'
8.7777 	EXP 	window1: Attempting to measure frame rate of screen (0) ...
8.7777 	EXP 	window1: recordFrameIntervals = False
8.9424 	EXP 	window1: recordFrameIntervals = True
9.1251 	EXP 	Screen (0) actual frame rate measured at 60.06Hz
9.1251 	EXP 	window1: recordFrameIntervals = False
9.1252 	EXP 	window1: mouseVisible = True
13.1301 	EXP 	replicate_nsd: status = STARTED
13.7587 	EXP 	window1: mouseVisible = True
13.8004 	EXP 	Created text_3 = TextStim(__class__=<class 'psychopy.visual.text.TextStim'>, alignHoriz=method-wrapper(...), alignText='center', alignVert=method-wrapper(...), anchorHoriz='center', anchorVert='center', antialias=True, autoDraw=False, autoLog=True, bold=False, color=array([1., 1., 1.]), colorSpace='rgb', contrast=1.0, depth=-1.0, draggable=False, flipHoriz=False, flipVert=False, font='Open Sans', fontFiles=[], height=0.05, italic=False, languageStyle='LTR', name='text_3', opacity=1.0, ori=0.0, pos=array([0., 0.]), rgb=UNKNOWN, text='waiting for scanner…', units='height', win=Window(...), wrapWidth=1)
13.8005 	EXP 	window1: mouseVisible = True
13.8299 	EXP 	Created text = TextStim(__class__=<class 'psychopy.visual.text.TextStim'>, alignHoriz=method-wrapper(...), alignText='center', alignVert=method-wrapper(...), anchorHoriz='center', anchorVert='center', antialias=True, autoDraw=False, autoLog=True, bold=False, color=array([1., 1., 1.]), colorSpace='rgb', contrast=1.0, depth=0.0, draggable=False, flipHoriz=False, flipVert=False, font='Open Sans', fontFiles=[], height=0.05, italic=False, languageStyle='LTR', name='text', opacity=1.0, ori=0.0, pos=array([0., 0.]), rgb=UNKNOWN, text=str(...), units='height', win=Window(...), wrapWidth=1)
14.4584 	EXP 	window1: mouseVisible = True
14.4812 	EXP 	Created image = ImageStim(__class__=<class 'psychopy.visual.image.ImageStim'>, anchor=('center', 'center'), autoLog=True, color=array([1., 1., 1.]), colorSpace='rgb', contrast=1.0, depth=0.0, draggable=False, flipHoriz=False, flipVert=False, image='default.png', interpolate=True, mask=None, maskParams=None, name='image', opacity=1.0, ori=0.0, pos=array([0., 0.]), size=array([0.5, 0.5]), texRes=128.0, units='height', win=Window(...))
15.1070 	EXP 	window1: mouseVisible = True
15.1103 	EXP 	Created polygon = ShapeStim(__class__=<class 'psychopy.visual.shape.ShapeStim'>, anchor=('center', 'center'), autoDraw=False, autoLog=True, closeShape=True, color=method-wrapper(...), colorSpace='rgb', contrast=None, depth=-3.0, draggable=False, fillColor=array([ 1., -1., -1.]), fillColorSpace='rgb', fillRGB=array([ 1., -1., -1.]), interpolate=True, lineColor=array([-1., -1., -1.]), lineColorSpace='rgb', lineRGB=array([-1., -1., -1.]), lineWidth=3.0, name='polygon', opacity=0.3, ori=0.0, pos=array([0., 0.]), size=array([0.04, 0.04]), units='height', vertices=ndarray(...), win=Window(...), windingRule=None)
15.7373 	EXP 	window1: mouseVisible = True
15.7412 	EXP 	Created polygon_2 = ShapeStim(__class__=<class 'psychopy.visual.shape.ShapeStim'>, anchor=('center', 'center'), autoDraw=False, autoLog=True, closeShape=True, color=method-wrapper(...), colorSpace='rgb', contrast=None, depth=-1.0, draggable=False, fillColor=array([ 1., -1., -1.]), fillColorSpace='rgb', fillRGB=array([ 1., -1., -1.]), interpolate=True, lineColor=array([-1., -1., -1.]), lineColorSpace='rgb', lineRGB=array([-1., -1., -1.]), lineWidth=3.0, name='polygon_2', opacity=0.3, ori=0.0, pos=array([0., 0.]), size=array([0.04, 0.04]), units='height', vertices=ndarray(...), win=Window(...), windingRule=None)
15.7414 	EXP 	window1: mouseVisible = True
15.7446 	EXP 	Created text_2 = TextStim(__class__=<class 'psychopy.visual.text.TextStim'>, alignHoriz=method-wrapper(...), alignText='center', alignVert=method-wrapper(...), anchorHoriz='center', anchorVert='center', antialias=True, autoDraw=False, autoLog=True, bold=False, color=array([1., 1., 1.]), colorSpace='rgb', contrast=1.0, depth=-2.0, draggable=False, flipHoriz=False, flipVert=False, font='Open Sans', fontFiles=[], height=0.05, italic=False, languageStyle='LTR', name='text_2', opacity=1.0, ori=0.0, pos=array([0., 0.]), rgb=UNKNOWN, text='end of run. take a break.', units='height', win=Window(...), wrapWidth=1)
0.0066 	DATA 	Mouse: Left button down, pos=(858,864)
0.0069 	DATA 	Mouse:  Left button up, pos=(858,864)
0.0508 	EXP 	text_3: autoDraw = True
5.6497 	DATA 	Keypress: lctrl
53.4487 	DATA 	Mouse: Left button down, pos=(457,854)
53.5511 	DATA 	Mouse:  Left button up, pos=(458,854)
53.8670 	DATA 	Keypress: 5
53.8807 	EXP 	text_3: autoDraw = False
53.8807 	EXP 	text: autoDraw = True
56.3226 	EXP 	Imported conditions_files/participant1_.csv as conditions, 900 conditions, 6 params
56.3264 	EXP 	Created sequence: sequential, trialTypes=900, nReps=1, seed=None
56.3266 	EXP 	New trial (rep=0, index=0): OrderedDict([('current_image', 'images/blank.jpg'), ('is_repeat', 0), ('trial_index', 0), ('is_blank_trial', 1), ('is_new_run', 0), ('run_num', 0)])
56.3457 	DATA 	Keypress: space
56.3721 	EXP 	text: autoDraw = False
56.3721 	EXP 	image: image = 'images/blank.jpg'
56.3721 	EXP 	image: autoDraw = False
56.3721 	EXP 	polygon: autoDraw = False
56.3721 	EXP 	polygon_2: autoDraw = True
60.3363 	EXP 	window1: mouseVisible = True
