8.5012 	EXP 	Created window1 = Window(allowGUI=True, allowStencil=False, autoLog=True, backendConf=UNKNOWN, backgroundFit=<method-wrapper '__getattribute__' of attributeSetter object at 0x7f9669c482e0>, backgroundImage=<method-wrapper '__getattribute__' of attributeSetter object at 0x7f9669c48280>, bitsMode=UNKNOWN, blendMode='avg', bpc=(8, 8, 8), color=array([0, 0, 0]), colorSpace='rgb', depthBits=8, fullscr=<method-wrapper '__getattribute__' of attributeSetter object at 0x7f9669c480d0>, gamma=None, gammaErrorPolicy='raise', lms=UNKNOWN, monitor=<psychopy.monitors.calibTools.Monitor object at 0x7f9669d94fa0>, multiSample=False, name='window1', numSamples=2, pos=(448, 280), screen=0, size=array([3584, 2240]), stencilBits=0, stereo=False, title='PsychoPy', units='height', useFBO=True, useRetina=True, viewOri=0.0, viewPos=None, viewScale=None, waitBlanking=True, winType='pyglet')
8.5013 	EXP 	window1: mouseVisible = True
8.5013 	EXP 	window1: backgroundImage = ''
8.5013 	EXP 	window1: backgroundFit = 'none'
8.5028 	EXP 	window1: Attempting to measure frame rate of screen (0) ...
8.5028 	EXP 	window1: recordFrameIntervals = False
8.6677 	EXP 	window1: recordFrameIntervals = True
8.8510 	EXP 	Screen (0) actual frame rate measured at 60.01Hz
8.8510 	EXP 	window1: recordFrameIntervals = False
8.8511 	EXP 	window1: mouseVisible = True
12.3502 	EXP 	replicate_nsd: status = STARTED
12.9624 	EXP 	window1: mouseVisible = True
13.0028 	EXP 	Created text_3 = TextStim(__class__=<class 'psychopy.visual.text.TextStim'>, alignHoriz=method-wrapper(...), alignText='center', alignVert=method-wrapper(...), anchorHoriz='center', anchorVert='center', antialias=True, autoDraw=False, autoLog=True, bold=False, color=array([1., 1., 1.]), colorSpace='rgb', contrast=1.0, depth=-1.0, draggable=False, flipHoriz=False, flipVert=False, font='Open Sans', fontFiles=[], height=0.05, italic=False, languageStyle='LTR', name='text_3', opacity=1.0, ori=0.0, pos=array([0., 0.]), rgb=UNKNOWN, text='waiting for scanner…', units='height', win=Window(...), wrapWidth=1)
13.0030 	EXP 	window1: mouseVisible = True
13.0200 	EXP 	Created text = TextStim(__class__=<class 'psychopy.visual.text.TextStim'>, alignHoriz=method-wrapper(...), alignText='center', alignVert=method-wrapper(...), anchorHoriz='center', anchorVert='center', antialias=True, autoDraw=False, autoLog=True, bold=False, color=array([1., 1., 1.]), colorSpace='rgb', contrast=1.0, depth=0.0, draggable=False, flipHoriz=False, flipVert=False, font='Open Sans', fontFiles=[], height=0.05, italic=False, languageStyle='LTR', name='text', opacity=1.0, ori=0.0, pos=array([0., 0.]), rgb=UNKNOWN, text=str(...), units='height', win=Window(...), wrapWidth=1)
13.6240 	EXP 	window1: mouseVisible = True
13.6463 	EXP 	Created image = ImageStim(__class__=<class 'psychopy.visual.image.ImageStim'>, anchor=('center', 'center'), autoLog=True, color=array([1., 1., 1.]), colorSpace='rgb', contrast=1.0, depth=0.0, draggable=False, flipHoriz=False, flipVert=False, image='default.png', interpolate=True, mask=None, maskParams=None, name='image', opacity=1.0, ori=0.0, pos=array([0., 0.]), size=array([0.5, 0.5]), texRes=128.0, units='height', win=Window(...))
14.2504 	EXP 	window1: mouseVisible = True
14.2536 	EXP 	Created text_2 = TextStim(__class__=<class 'psychopy.visual.text.TextStim'>, alignHoriz=method-wrapper(...), alignText='center', alignVert=method-wrapper(...), anchorHoriz='center', anchorVert='center', antialias=True, autoDraw=False, autoLog=True, bold=False, color=array([1., 1., 1.]), colorSpace='rgb', contrast=1.0, depth=-2.0, draggable=False, flipHoriz=False, flipVert=False, font='Open Sans', fontFiles=[], height=0.05, italic=False, languageStyle='LTR', name='text_2', opacity=1.0, ori=0.0, pos=array([0., 0.]), rgb=UNKNOWN, text='please take break', units='height', win=Window(...), wrapWidth=1)
0.0550 	EXP 	text_3: autoDraw = True
1.6515 	DATA 	Mouse: Left button down, pos=(788,512)
1.7657 	DATA 	Mouse:  Left button up, pos=(788,512)
2.4192 	DATA 	Keypress: 5
2.4319 	EXP 	text_3: autoDraw = False
2.4319 	EXP 	text: autoDraw = True
7.9049 	EXP 	Imported conditions_files/participant1_.csv as conditions, 82 conditions, 2 params
7.9055 	EXP 	Created sequence: sequential, trialTypes=82, nReps=1, seed=None
7.9057 	EXP 	New trial (rep=0, index=0): OrderedDict([('current_image', 'face_triangles/17_28.jpg'), ('is_repeat', 0)])
7.9116 	DATA 	Keypress: space
7.9156 	EXP 	text: autoDraw = False
7.9156 	EXP 	image: image = 'face_triangles/17_28.jpg'
8.8979 	EXP 	image: autoDraw = True
11.4491 	DATA 	Keypress: escape
11.6643 	EXP 	replicate_nsd: status = STOPPED
11.6827 	EXP 	image: autoDraw = False
11.6827 	EXP 	replicate_nsd: status = STOPPED
11.7024 	EXP 	window1: mouseVisible = True
