8.5441 	EXP 	Created window1 = Window(allowGUI=True, allowStencil=False, autoLog=True, backendConf=UNKNOWN, backgroundFit=<method-wrapper '__getattribute__' of attributeSetter object at 0x7f861188a1c0>, backgroundImage=<method-wrapper '__getattribute__' of attributeSetter object at 0x7f861188a160>, bitsMode=UNKNOWN, blendMode='avg', bpc=(8, 8, 8), color=array([0, 0, 0]), colorSpace='rgb', depthBits=8, fullscr=<method-wrapper '__getattribute__' of attributeSetter object at 0x7f86118297f0>, gamma=None, gammaErrorPolicy='raise', lms=UNKNOWN, monitor=<psychopy.monitors.calibTools.Monitor object at 0x7f86119aad30>, multiSample=False, name='window1', numSamples=2, pos=(448, 280), screen=0, size=array([3584, 2240]), stencilBits=0, stereo=False, title='PsychoPy', units='height', useFBO=True, useRetina=True, viewOri=0.0, viewPos=None, viewScale=None, waitBlanking=True, winType='pyglet')
8.5443 	EXP 	window1: mouseVisible = True
8.5443 	EXP 	window1: backgroundImage = ''
8.5443 	EXP 	window1: backgroundFit = 'none'
8.5472 	EXP 	window1: Attempting to measure frame rate of screen (0) ...
8.5473 	EXP 	window1: recordFrameIntervals = False
8.7102 	EXP 	window1: recordFrameIntervals = True
8.8937 	EXP 	Screen (0) actual frame rate measured at 59.97Hz
8.8937 	EXP 	window1: recordFrameIntervals = False
8.8939 	EXP 	window1: mouseVisible = True
12.4346 	EXP 	replicate_nsd: status = STARTED
12.4350 	EXP 	window1: mouseVisible = True
12.4742 	EXP 	Created text = TextStim(__class__=<class 'psychopy.visual.text.TextStim'>, alignHoriz=method-wrapper(...), alignText='center', alignVert=method-wrapper(...), anchorHoriz='center', anchorVert='center', antialias=True, autoDraw=False, autoLog=True, bold=False, color=array([1., 1., 1.]), colorSpace='rgb', contrast=1.0, depth=0.0, draggable=False, flipHoriz=False, flipVert=False, font='Open Sans', fontFiles=[], height=0.05, italic=False, languageStyle='LTR', name='text', opacity=1.0, ori=0.0, pos=array([0., 0.]), rgb=UNKNOWN, text=str(...), units='height', win=Window(...), wrapWidth=1)
13.0995 	EXP 	window1: mouseVisible = True
13.1189 	EXP 	Created image = ImageStim(__class__=<class 'psychopy.visual.image.ImageStim'>, anchor=('center', 'center'), autoLog=True, color=array([1., 1., 1.]), colorSpace='rgb', contrast=1.0, depth=0.0, draggable=False, flipHoriz=False, flipVert=False, image='default.png', interpolate=True, mask=None, maskParams=None, name='image', opacity=1.0, ori=0.0, pos=array([0., 0.]), size=array([0.5, 0.5]), texRes=128.0, units='height', win=Window(...))
13.7282 	EXP 	window1: mouseVisible = True
13.7315 	EXP 	Created text_2 = TextStim(__class__=<class 'psychopy.visual.text.TextStim'>, alignHoriz=method-wrapper(...), alignText='center', alignVert=method-wrapper(...), anchorHoriz='center', anchorVert='center', antialias=True, autoDraw=False, autoLog=True, bold=False, color=array([1., 1., 1.]), colorSpace='rgb', contrast=1.0, depth=-2.0, draggable=False, flipHoriz=False, flipVert=False, font='Open Sans', fontFiles=[], height=0.05, italic=False, languageStyle='LTR', name='text_2', opacity=1.0, ori=0.0, pos=array([0., 0.]), rgb=UNKNOWN, text='please take break', units='height', win=Window(...), wrapWidth=1)
0.0533 	EXP 	text: autoDraw = True
0.5674 	EXP 	Imported conditions_files/participant1_.csv as conditions, 82 conditions, 2 params
0.5681 	EXP 	Created sequence: sequential, trialTypes=82, nReps=1, seed=None
0.5683 	EXP 	New trial (rep=0, index=0): OrderedDict([('current_image', 'face_triangles/17_28.jpg'), ('is_repeat', 0)])
0.5794 	EXP 	text: autoDraw = False
0.5794 	EXP 	image: image = 'face_triangles/17_28.jpg'
1.5609 	EXP 	image: autoDraw = True
4.5462 	EXP 	New trial (rep=0, index=1): OrderedDict([('current_image', 'face_triangles/16_28.jpg'), ('is_repeat', 0)])
4.5615 	EXP 	image: autoDraw = False
4.5615 	EXP 	image: autoDraw = False
4.5615 	EXP 	text_2: autoDraw = False
4.5615 	EXP 	image: image = 'face_triangles/16_28.jpg'
5.5453 	EXP 	image: autoDraw = True
8.5314 	EXP 	New trial (rep=0, index=2): OrderedDict([('current_image', 'face_triangles/12_28.jpg'), ('is_repeat', 0)])
8.5448 	EXP 	image: autoDraw = False
8.5448 	EXP 	image: autoDraw = False
8.5448 	EXP 	text_2: autoDraw = False
8.5448 	EXP 	image: image = 'face_triangles/12_28.jpg'
9.5449 	EXP 	image: autoDraw = True
12.5300 	EXP 	New trial (rep=0, index=3): OrderedDict([('current_image', 'face_triangles/19_12.jpg'), ('is_repeat', 0)])
12.5444 	EXP 	image: autoDraw = False
12.5444 	EXP 	image: autoDraw = False
12.5444 	EXP 	text_2: autoDraw = False
12.5444 	EXP 	image: image = 'face_triangles/19_12.jpg'
13.5454 	EXP 	image: autoDraw = True
16.5288 	EXP 	New trial (rep=0, index=4): OrderedDict([('current_image', 'face_triangles/18_40.jpg'), ('is_repeat', 0)])
16.5447 	EXP 	image: autoDraw = False
16.5447 	EXP 	image: autoDraw = False
16.5447 	EXP 	text_2: autoDraw = False
16.5447 	EXP 	image: image = 'face_triangles/18_40.jpg'
17.5452 	EXP 	image: autoDraw = True
20.5285 	EXP 	New trial (rep=0, index=5): OrderedDict([('current_image', 'face_triangles/22_0.jpg'), ('is_repeat', 0)])
20.5450 	EXP 	image: autoDraw = False
20.5450 	EXP 	image: autoDraw = False
20.5450 	EXP 	text_2: autoDraw = False
20.5450 	EXP 	image: image = 'face_triangles/22_0.jpg'
21.5283 	EXP 	image: autoDraw = True
24.5162 	EXP 	New trial (rep=0, index=6): OrderedDict([('current_image', 'face_triangles/23_12.jpg'), ('is_repeat', 0)])
24.5277 	EXP 	image: autoDraw = False
24.5277 	EXP 	image: autoDraw = False
24.5277 	EXP 	text_2: autoDraw = False
24.5277 	EXP 	image: image = 'face_triangles/23_12.jpg'
25.5283 	EXP 	image: autoDraw = True
28.5123 	EXP 	New trial (rep=0, index=7): OrderedDict([('current_image', 'face_triangles/14_12.jpg'), ('is_repeat', 0)])
28.5285 	EXP 	image: autoDraw = False
28.5285 	EXP 	image: autoDraw = False
28.5285 	EXP 	text_2: autoDraw = False
28.5285 	EXP 	image: image = 'face_triangles/14_12.jpg'
29.5117 	EXP 	image: autoDraw = True
32.4968 	EXP 	New trial (rep=0, index=8): OrderedDict([('current_image', 'face_triangles/5_0.jpg'), ('is_repeat', 0)])
32.5125 	EXP 	image: autoDraw = False
32.5125 	EXP 	image: autoDraw = False
32.5125 	EXP 	text_2: autoDraw = False
32.5125 	EXP 	image: image = 'face_triangles/5_0.jpg'
33.5114 	EXP 	image: autoDraw = True
34.3964 	DATA 	Mouse: Left button down, pos=(989,772)
34.5488 	DATA 	Mouse:  Left button up, pos=(989,772)
36.4955 	EXP 	New trial (rep=0, index=9): OrderedDict([('current_image', 'face_triangles/11_28.jpg'), ('is_repeat', 0)])
36.5115 	EXP 	image: autoDraw = False
36.5115 	EXP 	image: autoDraw = False
36.5115 	EXP 	text_2: autoDraw = False
36.5115 	EXP 	image: image = 'face_triangles/11_28.jpg'
37.4960 	EXP 	image: autoDraw = True
40.4790 	EXP 	New trial (rep=0, index=10): OrderedDict([('current_image', 'face_triangles/17_40.jpg'), ('is_repeat', 0)])
40.4953 	EXP 	image: autoDraw = False
40.4953 	EXP 	image: autoDraw = False
40.4953 	EXP 	text_2: autoDraw = False
40.4953 	EXP 	image: image = 'face_triangles/17_40.jpg'
41.4785 	EXP 	image: autoDraw = True
44.4624 	EXP 	New trial (rep=0, index=11): OrderedDict([('current_image', 'face_triangles/10_28.jpg'), ('is_repeat', 0)])
44.4789 	EXP 	image: autoDraw = False
44.4789 	EXP 	image: autoDraw = False
44.4789 	EXP 	text_2: autoDraw = False
44.4789 	EXP 	image: image = 'face_triangles/10_28.jpg'
45.4616 	EXP 	image: autoDraw = True
48.4459 	EXP 	New trial (rep=0, index=12): OrderedDict([('current_image', 'face_triangles/14_28.jpg'), ('is_repeat', 0)])
48.4620 	EXP 	image: autoDraw = False
48.4620 	EXP 	image: autoDraw = False
48.4620 	EXP 	text_2: autoDraw = False
48.4620 	EXP 	image: image = 'face_triangles/14_28.jpg'
49.4446 	EXP 	image: autoDraw = True
52.4288 	EXP 	New trial (rep=0, index=13): OrderedDict([('current_image', 'face_triangles/24_12.jpg'), ('is_repeat', 0)])
52.4447 	EXP 	image: autoDraw = False
52.4447 	EXP 	image: autoDraw = False
52.4447 	EXP 	text_2: autoDraw = False
52.4447 	EXP 	image: image = 'face_triangles/24_12.jpg'
53.4282 	EXP 	image: autoDraw = True
56.4123 	EXP 	New trial (rep=0, index=14): OrderedDict([('current_image', 'face_triangles/21_12.jpg'), ('is_repeat', 0)])
56.4283 	EXP 	image: autoDraw = False
56.4283 	EXP 	image: autoDraw = False
56.4283 	EXP 	text_2: autoDraw = False
56.4283 	EXP 	image: image = 'face_triangles/21_12.jpg'
57.4116 	EXP 	image: autoDraw = True
60.3956 	EXP 	New trial (rep=0, index=15): OrderedDict([('current_image', 'face_triangles/15_12.jpg'), ('is_repeat', 0)])
60.4115 	EXP 	image: autoDraw = False
60.4115 	EXP 	image: autoDraw = False
60.4115 	EXP 	text_2: autoDraw = False
60.4115 	EXP 	image: image = 'face_triangles/15_12.jpg'
61.3948 	EXP 	image: autoDraw = True
64.3788 	EXP 	New trial (rep=0, index=16): OrderedDict([('current_image', 'face_triangles/9_40.jpg'), ('is_repeat', 0)])
64.3951 	EXP 	image: autoDraw = False
64.3951 	EXP 	image: autoDraw = False
64.3951 	EXP 	text_2: autoDraw = False
64.3951 	EXP 	image: image = 'face_triangles/9_40.jpg'
65.3781 	EXP 	image: autoDraw = True
68.3622 	EXP 	New trial (rep=0, index=17): OrderedDict([('current_image', 'face_triangles/10_12.jpg'), ('is_repeat', 0)])
68.3784 	EXP 	image: autoDraw = False
68.3784 	EXP 	image: autoDraw = False
68.3784 	EXP 	text_2: autoDraw = False
68.3784 	EXP 	image: image = 'face_triangles/10_12.jpg'
69.3615 	EXP 	image: autoDraw = True
72.3454 	EXP 	New trial (rep=0, index=18): OrderedDict([('current_image', 'face_triangles/20_12.jpg'), ('is_repeat', 0)])
72.3616 	EXP 	image: autoDraw = False
72.3616 	EXP 	image: autoDraw = False
72.3616 	EXP 	text_2: autoDraw = False
72.3616 	EXP 	image: image = 'face_triangles/20_12.jpg'
73.3446 	EXP 	image: autoDraw = True
76.3291 	EXP 	New trial (rep=0, index=19): OrderedDict([('current_image', 'face_triangles/8_0.jpg'), ('is_repeat', 0)])
76.3447 	EXP 	image: autoDraw = False
76.3447 	EXP 	image: autoDraw = False
76.3447 	EXP 	text_2: autoDraw = False
76.3447 	EXP 	image: image = 'face_triangles/8_0.jpg'
77.3281 	EXP 	image: autoDraw = True
80.3297 	EXP 	New trial (rep=0, index=20): OrderedDict([('current_image', 'face_triangles/19_40.jpg'), ('is_repeat', 0)])
80.3437 	EXP 	image: autoDraw = False
80.3437 	EXP 	text_2: autoDraw = False
80.3437 	EXP 	image: image = 'face_triangles/19_40.jpg'
81.3440 	EXP 	image: autoDraw = True
82.2289 	DATA 	Keypress: lctrl
84.3500 	EXP 	image: autoDraw = False
84.3500 	EXP 	text_2: autoDraw = True
85.4136 	DATA 	Mouse: Left button down, pos=(1351,359)
85.5634 	DATA 	Mouse:  Left button up, pos=(1351,359)
89.3453 	EXP 	New trial (rep=0, index=21): OrderedDict([('current_image', 'face_triangles/22_28.jpg'), ('is_repeat', 0)])
89.3617 	EXP 	text_2: autoDraw = False
89.3617 	EXP 	image: image = 'face_triangles/22_28.jpg'
90.3281 	EXP 	image: autoDraw = True
93.3146 	EXP 	New trial (rep=0, index=22): OrderedDict([('current_image', 'face_triangles/5_28.jpg'), ('is_repeat', 0)])
93.3278 	EXP 	image: autoDraw = False
93.3278 	EXP 	image: autoDraw = False
93.3278 	EXP 	text_2: autoDraw = False
93.3278 	EXP 	image: image = 'face_triangles/5_28.jpg'
94.3283 	EXP 	image: autoDraw = True
94.6489 	DATA 	Keypress: lctrl
96.2468 	DATA 	Keypress: r
97.1815 	DATA 	Keypress: lctrl
97.3173 	EXP 	New trial (rep=0, index=23): OrderedDict([('current_image', 'face_triangles/15_40.jpg'), ('is_repeat', 0)])
97.3318 	EXP 	image: autoDraw = False
97.3318 	EXP 	text_2: autoDraw = False
97.3318 	EXP 	image: image = 'face_triangles/15_40.jpg'
98.3297 	EXP 	image: autoDraw = True
101.3287 	EXP 	New trial (rep=0, index=24): OrderedDict([('current_image', 'face_triangles/11_12.jpg'), ('is_repeat', 0)])
101.3453 	EXP 	image: autoDraw = False
101.3453 	EXP 	text_2: autoDraw = False
101.3453 	EXP 	image: image = 'face_triangles/11_12.jpg'
102.3276 	EXP 	image: autoDraw = True
105.3111 	EXP 	New trial (rep=0, index=25): OrderedDict([('current_image', 'face_triangles/17_12.jpg'), ('is_repeat', 0)])
105.3276 	EXP 	image: autoDraw = False
105.3276 	EXP 	image: autoDraw = False
105.3276 	EXP 	text_2: autoDraw = False
105.3276 	EXP 	image: image = 'face_triangles/17_12.jpg'
106.3115 	EXP 	image: autoDraw = True
109.2976 	EXP 	New trial (rep=0, index=26): OrderedDict([('current_image', 'face_triangles/13_40.jpg'), ('is_repeat', 0)])
109.3108 	EXP 	image: autoDraw = False
109.3108 	EXP 	image: autoDraw = False
109.3108 	EXP 	text_2: autoDraw = False
109.3108 	EXP 	image: image = 'face_triangles/13_40.jpg'
110.3114 	EXP 	image: autoDraw = True
113.2960 	EXP 	New trial (rep=0, index=27): OrderedDict([('current_image', 'face_triangles/23_28.jpg'), ('is_repeat', 0)])
113.3124 	EXP 	image: autoDraw = False
113.3124 	EXP 	image: autoDraw = False
113.3124 	EXP 	text_2: autoDraw = False
113.3124 	EXP 	image: image = 'face_triangles/23_28.jpg'
114.2972 	EXP 	image: autoDraw = True
114.9468 	DATA 	Mouse: Left button down, pos=(1017,645)
115.0800 	DATA 	Mouse:  Left button up, pos=(1017,645)
116.0311 	DATA 	Keypress: space
117.2956 	EXP 	New trial (rep=0, index=28): OrderedDict([('current_image', 'face_triangles/24_40.jpg'), ('is_repeat', 0)])
117.3116 	EXP 	image: autoDraw = False
117.3116 	EXP 	image: autoDraw = False
117.3116 	EXP 	text_2: autoDraw = False
117.3116 	EXP 	image: image = 'face_triangles/24_40.jpg'
118.2948 	EXP 	image: autoDraw = True
121.1951 	DATA 	Keypress: lctrl
121.2831 	EXP 	New trial (rep=0, index=29): OrderedDict([('current_image', 'face_triangles/21_28.jpg'), ('is_repeat', 0)])
121.2996 	EXP 	image: autoDraw = False
121.2996 	EXP 	image: autoDraw = False
121.2996 	EXP 	text_2: autoDraw = False
121.2996 	EXP 	image: image = 'face_triangles/21_28.jpg'
122.2971 	EXP 	image: autoDraw = True
125.2800 	EXP 	New trial (rep=0, index=30): OrderedDict([('current_image', 'face_triangles/6_28.jpg'), ('is_repeat', 0)])
125.2965 	EXP 	image: autoDraw = False
125.2965 	EXP 	image: autoDraw = False
125.2965 	EXP 	text_2: autoDraw = False
125.2965 	EXP 	image: image = 'face_triangles/6_28.jpg'
126.2788 	EXP 	image: autoDraw = True
129.2638 	EXP 	New trial (rep=0, index=31): OrderedDict([('current_image', 'face_triangles/8_40.jpg'), ('is_repeat', 0)])
129.2796 	EXP 	image: autoDraw = False
129.2796 	EXP 	image: autoDraw = False
129.2796 	EXP 	text_2: autoDraw = False
129.2796 	EXP 	image: image = 'face_triangles/8_40.jpg'
130.2629 	EXP 	image: autoDraw = True
133.2473 	EXP 	New trial (rep=0, index=32): OrderedDict([('current_image', 'face_triangles/20_0.jpg'), ('is_repeat', 0)])
133.2627 	EXP 	image: autoDraw = False
133.2627 	EXP 	image: autoDraw = False
133.2627 	EXP 	text_2: autoDraw = False
133.2627 	EXP 	image: image = 'face_triangles/20_0.jpg'
134.2457 	EXP 	image: autoDraw = True
137.2364 	EXP 	New trial (rep=0, index=33): OrderedDict([('current_image', 'face_triangles/7_40.jpg'), ('is_repeat', 0)])
137.2506 	EXP 	image: autoDraw = False
137.2506 	EXP 	image: autoDraw = False
137.2506 	EXP 	text_2: autoDraw = False
137.2506 	EXP 	image: image = 'face_triangles/7_40.jpg'
138.2519 	EXP 	image: autoDraw = True
141.2472 	EXP 	New trial (rep=0, index=34): OrderedDict([('current_image', 'face_triangles/9_12.jpg'), ('is_repeat', 0)])
141.2628 	EXP 	image: autoDraw = False
141.2628 	EXP 	text_2: autoDraw = False
141.2628 	EXP 	image: image = 'face_triangles/9_12.jpg'
142.2634 	EXP 	image: autoDraw = True
145.2622 	EXP 	New trial (rep=0, index=35): OrderedDict([('current_image', 'face_triangles/placeholder.jpg'), ('is_repeat', 0)])
145.2783 	EXP 	image: autoDraw = False
145.2783 	EXP 	text_2: autoDraw = False
145.2783 	EXP 	image: image = 'face_triangles/placeholder.jpg'
146.2612 	EXP 	image: autoDraw = True
147.7131 	DATA 	Mouse: Left button down, pos=(1097,661)
147.8963 	DATA 	Mouse:  Left button up, pos=(1097,661)
149.2454 	EXP 	New trial (rep=0, index=36): OrderedDict([('current_image', 'face_triangles/8_12.jpg'), ('is_repeat', 0)])
149.2614 	EXP 	image: autoDraw = False
149.2614 	EXP 	image: autoDraw = False
149.2614 	EXP 	text_2: autoDraw = False
149.2614 	EXP 	image: image = 'face_triangles/8_12.jpg'
150.2448 	EXP 	image: autoDraw = True
151.4632 	DATA 	Keypress: escape
151.5950 	EXP 	replicate_nsd: status = STOPPED
151.6116 	EXP 	image: autoDraw = False
151.6117 	EXP 	replicate_nsd: status = STOPPED
151.6320 	EXP 	window1: mouseVisible = True
