7.8609 	EXP 	Created window1 = Window(allowGUI=True, allowStencil=False, autoLog=True, backendConf=UNKNOWN, backgroundFit=<method-wrapper '__getattribute__' of attributeSetter object at 0x7f802a96b310>, backgroundImage=<method-wrapper '__getattribute__' of attributeSetter object at 0x7f802a96b2b0>, bitsMode=UNKNOWN, blendMode='avg', bpc=(8, 8, 8), color=array([0, 0, 0]), colorSpace='rgb', depthBits=8, fullscr=<method-wrapper '__getattribute__' of attributeSetter object at 0x7f802a96b100>, gamma=None, gammaErrorPolicy='raise', lms=UNKNOWN, monitor=<psychopy.monitors.calibTools.Monitor object at 0x7f802aab4fd0>, multiSample=False, name='window1', numSamples=2, pos=(448, 280), screen=0, size=array([3584, 2240]), stencilBits=0, stereo=False, title='PsychoPy', units='height', useFBO=True, useRetina=True, viewOri=0.0, viewPos=None, viewScale=None, waitBlanking=True, winType='pyglet')
7.8611 	EXP 	window1: mouseVisible = True
7.8611 	EXP 	window1: backgroundImage = ''
7.8611 	EXP 	window1: backgroundFit = 'none'
7.8629 	EXP 	window1: Attempting to measure frame rate of screen (0) ...
7.8630 	EXP 	window1: recordFrameIntervals = False
8.0274 	EXP 	window1: recordFrameIntervals = True
8.2107 	EXP 	Screen (0) actual frame rate measured at 59.92Hz
8.2108 	EXP 	window1: recordFrameIntervals = False
8.2109 	EXP 	window1: mouseVisible = True
10.3785 	EXP 	replicate_nsd: status = STARTED
10.8830 	EXP 	window1: mouseVisible = True
10.9197 	EXP 	Created text_3 = TextStim(__class__=<class 'psychopy.visual.text.TextStim'>, alignHoriz=method-wrapper(...), alignText='center', alignVert=method-wrapper(...), anchorHoriz='center', anchorVert='center', antialias=True, autoDraw=False, autoLog=True, bold=False, color=array([1., 1., 1.]), colorSpace='rgb', contrast=1.0, depth=-1.0, draggable=False, flipHoriz=False, flipVert=False, font='Open Sans', fontFiles=[], height=0.05, italic=False, languageStyle='LTR', name='text_3', opacity=1.0, ori=0.0, pos=array([0., 0.]), rgb=UNKNOWN, text='waiting for scanner…', units='height', win=Window(...), wrapWidth=1)
10.9198 	EXP 	window1: mouseVisible = True
10.9492 	EXP 	Created text = TextStim(__class__=<class 'psychopy.visual.text.TextStim'>, alignHoriz=method-wrapper(...), alignText='center', alignVert=method-wrapper(...), anchorHoriz='center', anchorVert='center', antialias=True, autoDraw=False, autoLog=True, bold=False, color=array([1., 1., 1.]), colorSpace='rgb', contrast=1.0, depth=0.0, draggable=False, flipHoriz=False, flipVert=False, font='Open Sans', fontFiles=[], height=0.05, italic=False, languageStyle='LTR', name='text', opacity=1.0, ori=0.0, pos=array([0., 0.]), rgb=UNKNOWN, text=str(...), units='height', win=Window(...), wrapWidth=1)
11.4551 	EXP 	window1: mouseVisible = True
11.4761 	EXP 	Created image = ImageStim(__class__=<class 'psychopy.visual.image.ImageStim'>, anchor=('center', 'center'), autoLog=True, color=array([1., 1., 1.]), colorSpace='rgb', contrast=1.0, depth=0.0, draggable=False, flipHoriz=False, flipVert=False, image='default.png', interpolate=True, mask=None, maskParams=None, name='image', opacity=1.0, ori=0.0, pos=array([0., 0.]), size=array([0.5, 0.5]), texRes=128.0, units='height', win=Window(...))
11.9744 	EXP 	window1: mouseVisible = True
11.9779 	EXP 	Created polygon = ShapeStim(__class__=<class 'psychopy.visual.shape.ShapeStim'>, anchor=('center', 'center'), autoDraw=False, autoLog=True, closeShape=True, color=method-wrapper(...), colorSpace='rgb', contrast=None, depth=-3.0, draggable=False, fillColor=array([ 1., -1., -1.]), fillColorSpace='rgb', fillRGB=array([ 1., -1., -1.]), interpolate=True, lineColor=array([-1., -1., -1.]), lineColorSpace='rgb', lineRGB=array([-1., -1., -1.]), lineWidth=3.0, name='polygon', opacity=0.3, ori=0.0, pos=array([0., 0.]), size=array([0.04, 0.04]), units='height', vertices=ndarray(...), win=Window(...), windingRule=None)
12.4859 	EXP 	window1: mouseVisible = True
12.4894 	EXP 	Created text_2 = TextStim(__class__=<class 'psychopy.visual.text.TextStim'>, alignHoriz=method-wrapper(...), alignText='center', alignVert=method-wrapper(...), anchorHoriz='center', anchorVert='center', antialias=True, autoDraw=False, autoLog=True, bold=False, color=array([1., 1., 1.]), colorSpace='rgb', contrast=1.0, depth=-2.0, draggable=False, flipHoriz=False, flipVert=False, font='Open Sans', fontFiles=[], height=0.05, italic=False, languageStyle='LTR', name='text_2', opacity=1.0, ori=0.0, pos=array([0., 0.]), rgb=UNKNOWN, text='please take break', units='height', win=Window(...), wrapWidth=1)
0.0601 	EXP 	text_3: autoDraw = True
1.2901 	DATA 	Mouse: Left button down, pos=(768,679)
1.3895 	DATA 	Mouse:  Left button up, pos=(768,678)
2.3243 	DATA 	Keypress: 5
2.3379 	EXP 	text_3: autoDraw = False
2.3379 	EXP 	text: autoDraw = True
2.9742 	EXP 	Imported conditions_files/participant1_.csv as conditions, 900 conditions, 6 params
2.9777 	EXP 	Created sequence: sequential, trialTypes=900, nReps=1, seed=None
2.9779 	EXP 	New trial (rep=0, index=0): OrderedDict([('current_image', 'images/blank.jpg'), ('is_repeat', 0), ('trial_index', 0), ('is_blank_trial', 1), ('is_new_run', 1), ('run_num', 0)])
2.9836 	DATA 	Keypress: space
3.0080 	EXP 	text: autoDraw = False
3.0080 	EXP 	image: image = 'images/blank.jpg'
3.0080 	EXP 	image: autoDraw = False
3.0080 	EXP 	polygon: autoDraw = False
6.9736 	EXP 	New trial (rep=0, index=1): OrderedDict([('current_image', 'images/blank.jpg'), ('is_repeat', 0), ('trial_index', 1), ('is_blank_trial', 1), ('is_new_run', 0), ('run_num', 0)])
6.9877 	EXP 	text_2: autoDraw = False
6.9877 	EXP 	image: image = 'images/blank.jpg'
6.9877 	EXP 	image: autoDraw = False
6.9877 	EXP 	polygon: autoDraw = False
10.9733 	EXP 	New trial (rep=0, index=2): OrderedDict([('current_image', 'images/blank.jpg'), ('is_repeat', 0), ('trial_index', 2), ('is_blank_trial', 1), ('is_new_run', 0), ('run_num', 0)])
10.9879 	EXP 	text_2: autoDraw = False
10.9879 	EXP 	image: image = 'images/blank.jpg'
10.9879 	EXP 	image: autoDraw = False
10.9879 	EXP 	polygon: autoDraw = False
14.1067 	DATA 	Mouse: Left button down, pos=(851,519)
14.2406 	DATA 	Mouse:  Left button up, pos=(851,519)
14.9734 	EXP 	New trial (rep=0, index=3): OrderedDict([('current_image', 'images/18_12 copy 3.jpg'), ('is_repeat', 0), ('trial_index', 3), ('is_blank_trial', 0), ('is_new_run', 0), ('run_num', 0)])
14.9905 	EXP 	text_2: autoDraw = False
14.9905 	EXP 	image: image = 'images/18_12 copy 3.jpg'
14.9905 	EXP 	polygon: autoDraw = True
15.9876 	EXP 	image: autoDraw = True
18.9887 	EXP 	image: autoDraw = False
18.9891 	EXP 	New trial (rep=0, index=4): OrderedDict([('current_image', 'images/14_28 copy 2.jpg'), ('is_repeat', 0), ('trial_index', 4), ('is_blank_trial', 0), ('is_new_run', 0), ('run_num', 0)])
19.0052 	EXP 	image: autoDraw = False
19.0052 	EXP 	polygon: autoDraw = False
19.0052 	EXP 	text_2: autoDraw = False
19.0052 	EXP 	image: image = 'images/14_28 copy 2.jpg'
19.0052 	EXP 	polygon: autoDraw = True
20.0044 	EXP 	image: autoDraw = True
22.9902 	EXP 	New trial (rep=0, index=5): OrderedDict([('current_image', 'images/pair01 copy 5.jpg'), ('is_repeat', 0), ('trial_index', 5), ('is_blank_trial', 0), ('is_new_run', 0), ('run_num', 0)])
23.0041 	EXP 	image: autoDraw = False
23.0041 	EXP 	polygon: autoDraw = False
23.0041 	EXP 	text_2: autoDraw = False
23.0041 	EXP 	image: image = 'images/pair01 copy 5.jpg'
23.0041 	EXP 	polygon: autoDraw = True
23.9884 	EXP 	image: autoDraw = True
26.9883 	EXP 	image: autoDraw = False
26.9888 	EXP 	New trial (rep=0, index=6): OrderedDict([('current_image', 'images/13_28 copy 4.jpg'), ('is_repeat', 0), ('trial_index', 6), ('is_blank_trial', 0), ('is_new_run', 0), ('run_num', 0)])
27.0048 	EXP 	polygon: autoDraw = False
27.0048 	EXP 	image: autoDraw = False
27.0048 	EXP 	polygon: autoDraw = False
27.0048 	EXP 	text_2: autoDraw = False
27.0048 	EXP 	image: image = 'images/13_28 copy 4.jpg'
27.0048 	EXP 	polygon: autoDraw = True
27.9882 	EXP 	image: autoDraw = True
30.9883 	EXP 	image: autoDraw = False
30.9887 	EXP 	New trial (rep=0, index=7): OrderedDict([('current_image', 'images/9_0.jpg'), ('is_repeat', 0), ('trial_index', 7), ('is_blank_trial', 0), ('is_new_run', 0), ('run_num', 0)])
31.0050 	EXP 	polygon: autoDraw = False
31.0050 	EXP 	image: autoDraw = False
31.0050 	EXP 	polygon: autoDraw = False
31.0050 	EXP 	text_2: autoDraw = False
31.0050 	EXP 	image: image = 'images/9_0.jpg'
31.0050 	EXP 	polygon: autoDraw = True
32.0043 	EXP 	image: autoDraw = True
34.9901 	EXP 	New trial (rep=0, index=8): OrderedDict([('current_image', 'images/22_40 copy 4.jpg'), ('is_repeat', 0), ('trial_index', 8), ('is_blank_trial', 0), ('is_new_run', 0), ('run_num', 0)])
35.0040 	EXP 	image: autoDraw = False
35.0040 	EXP 	polygon: autoDraw = False
35.0040 	EXP 	text_2: autoDraw = False
35.0040 	EXP 	image: image = 'images/22_40 copy 4.jpg'
35.0040 	EXP 	polygon: autoDraw = True
36.0046 	EXP 	image: autoDraw = True
38.9887 	EXP 	New trial (rep=0, index=9): OrderedDict([('current_image', 'images/12_12 copy 4.jpg'), ('is_repeat', 0), ('trial_index', 9), ('is_blank_trial', 0), ('is_new_run', 0), ('run_num', 0)])
39.0051 	EXP 	image: autoDraw = False
39.0051 	EXP 	polygon: autoDraw = False
39.0051 	EXP 	image: autoDraw = False
39.0051 	EXP 	polygon: autoDraw = False
39.0051 	EXP 	text_2: autoDraw = False
39.0051 	EXP 	image: image = 'images/12_12 copy 4.jpg'
39.0051 	EXP 	polygon: autoDraw = True
39.9897 	EXP 	image: autoDraw = True
42.9875 	EXP 	image: autoDraw = False
42.9879 	EXP 	New trial (rep=0, index=10): OrderedDict([('current_image', 'images/blank.jpg'), ('is_repeat', 0), ('trial_index', 10), ('is_blank_trial', 1), ('is_new_run', 0), ('run_num', 0)])
43.0038 	EXP 	polygon: autoDraw = False
43.0038 	EXP 	image: autoDraw = False
43.0038 	EXP 	polygon: autoDraw = False
43.0038 	EXP 	text_2: autoDraw = False
43.0038 	EXP 	image: image = 'images/blank.jpg'
43.0038 	EXP 	image: autoDraw = False
43.0038 	EXP 	polygon: autoDraw = False
43.9061 	DATA 	Keypress: escape
45.4398 	DATA 	Mouse: Left button down, pos=(152,737)
45.5738 	DATA 	Mouse:  Left button up, pos=(152,737)
45.7901 	DATA 	Keypress: escape
46.9893 	EXP 	New trial (rep=0, index=11): OrderedDict([('current_image', 'images/pair09 copy.jpg'), ('is_repeat', 0), ('trial_index', 11), ('is_blank_trial', 0), ('is_new_run', 0), ('run_num', 0)])
47.0036 	EXP 	text_2: autoDraw = False
47.0036 	EXP 	image: image = 'images/pair09 copy.jpg'
47.0036 	EXP 	polygon: autoDraw = True
47.6061 	DATA 	Mouse: Left button down, pos=(282,1003)
47.7071 	DATA 	Mouse:  Left button up, pos=(283,1002)
47.7893 	DATA 	Keypress: escape
47.9560 	EXP 	replicate_nsd: status = STOPPED
47.9702 	EXP 	polygon: autoDraw = False
47.9702 	EXP 	replicate_nsd: status = STOPPED
47.9924 	EXP 	window1: mouseVisible = True
